This file contains any messages produced by compilers while
running configure, to aid debugging if configure makes a mistake.

It was created by tinker configure 7.0, which was
generated by GNU Autoconf 2.63.  Invocation command line was

  $ ./configure --no-create --no-recursion

## --------- ##
## Platform. ##
## --------- ##

hostname = bme-nova.bme.utexas.edu
uname -m = x86_64
uname -r = 2.6.32-504.3.3.el6.x86_64
uname -s = Linux
uname -v = #1 SMP Wed Dec 17 01:55:02 UTC 2014

/usr/bin/uname -p = unknown
/bin/uname -X     = unknown

/bin/arch              = x86_64
/usr/bin/arch -k       = unknown
/usr/convex/getsysinfo = unknown
/usr/bin/hostinfo      = unknown
/bin/machine           = unknown
/usr/bin/oslevel       = unknown
/bin/universe          = unknown

PATH: /opt/qchem/5/bin
PATH: /opt/qchem/5/exe
PATH: /opt/qchem/5/bin
PATH: /opt/software/openbabel-2.4.1/build/bin
PATH: /home/liuchw/Softwares/grace_binary/grace/bin
PATH: /opt/software/amber14-gpu/bin
PATH: /home/liuchw/Softwares/tinkers/tinker-7.1/source
PATH: /users/opt/mpich2-1.4.1p1/bin
PATH: /opt/software/amber14-gpu/bin
PATH: /opt/software/CHEM/pdb2pqr
PATH: /home/liuchw/Softwares/ForceBalance/bin
PATH: /users/opt/intel/composer_xe_2013.2.146/bin/intel64
PATH: /users/opt/intel/composer_xe_2013.2.146/mpirt/bin/intel64
PATH: /users/opt/intel/composer_xe_2013.2.146/bin/intel64
PATH: /users/opt/intel/composer_xe_2013.2.146/bin/intel64_mic
PATH: /users/opt/intel/composer_xe_2013.2.146/debugger/gui/intel64
PATH: /users/opt/intel/composer_xe_2013.2.146/bin/intel64
PATH: /users/opt/intel/composer_xe_2013.2.146/mpirt/bin/intel64
PATH: /users/opt/intel/composer_xe_2013.2.146/bin/intel64
PATH: /users/opt/intel/composer_xe_2013.2.146/bin/intel64_mic
PATH: /users/opt/intel/composer_xe_2013.2.146/debugger/gui/intel64
PATH: /usr/lib64/qt-3.3/bin
PATH: /usr/lib64/mpich/bin
PATH: /usr/local/bin
PATH: /bin
PATH: /usr/bin
PATH: /usr/local/sbin
PATH: /usr/sbin
PATH: /sbin
PATH: /opt/dell/srvadmin/bin
PATH: /usr/local/cuda-7.0/bin
PATH: /opt/mpich2-1.4.1p1/bin/mpicc/
PATH: /home/liuchw/Softwares/HiPart/bin
PATH: /home/liuchw/Softwares/dos2unix_bin/bin


## ----------- ##
## Core tests. ##
## ----------- ##

configure:2075: checking for a BSD-compatible install
configure:2143: result: /usr/bin/install -c
configure:2154: checking whether build environment is sane
configure:2214: result: yes
configure:2355: checking for a thread-safe mkdir -p
configure:2394: result: /bin/mkdir -p
configure:2407: checking for gawk
configure:2423: found /bin/gawk
configure:2434: result: gawk
configure:2445: checking whether make sets $(MAKE)
configure:2467: result: yes
configure:2580: checking build system type
configure:2598: result: x86_64-unknown-linux-gnu
configure:2620: checking host system type
configure:2635: result: x86_64-unknown-linux-gnu
configure:2669: checking for style of include used by make
configure:2697: result: GNU
configure:2767: checking for gcc
configure:2783: found /usr/bin/gcc
configure:2794: result: gcc
configure:3026: checking for C compiler version
configure:3034: gcc --version >&5
gcc (GCC) 4.4.7 20120313 (Red Hat 4.4.7-18)
Copyright (C) 2010 Free Software Foundation, Inc.
This is free software; see the source for copying conditions.  There is NO
warranty; not even for MERCHANTABILITY or FITNESS FOR A PARTICULAR PURPOSE.

configure:3038: $? = 0
configure:3045: gcc -v >&5
Using built-in specs.
Target: x86_64-redhat-linux
Configured with: ../configure --prefix=/usr --mandir=/usr/share/man --infodir=/usr/share/info --with-bugurl=http://bugzilla.redhat.com/bugzilla --enable-bootstrap --enable-shared --enable-threads=posix --enable-checking=release --with-system-zlib --enable-__cxa_atexit --disable-libunwind-exceptions --enable-gnu-unique-object --enable-languages=c,c++,objc,obj-c++,java,fortran,ada --enable-java-awt=gtk --disable-dssi --with-java-home=/usr/lib/jvm/java-1.5.0-gcj-1.5.0.0/jre --enable-libgcj-multifile --enable-java-maintainer-mode --with-ecj-jar=/usr/share/java/eclipse-ecj.jar --disable-libjava-multilib --with-ppl --with-cloog --with-tune=generic --with-arch_32=i686 --build=x86_64-redhat-linux
Thread model: posix
gcc version 4.4.7 20120313 (Red Hat 4.4.7-18) (GCC) 
configure:3049: $? = 0
configure:3056: gcc -V >&5
gcc: '-V' option must have argument
configure:3060: $? = 1
configure:3083: checking for C compiler default output file name
configure:3105: gcc    conftest.c  >&5
configure:3109: $? = 0
configure:3147: result: a.out
configure:3166: checking whether the C compiler works
configure:3176: ./a.out
configure:3180: $? = 0
configure:3199: result: yes
configure:3206: checking whether we are cross compiling
configure:3208: result: no
configure:3211: checking for suffix of executables
configure:3218: gcc -o conftest    conftest.c  >&5
configure:3222: $? = 0
configure:3248: result: 
configure:3254: checking for suffix of object files
configure:3280: gcc -c   conftest.c >&5
configure:3284: $? = 0
configure:3309: result: o
configure:3313: checking whether we are using the GNU C compiler
configure:3342: gcc -c   conftest.c >&5
configure:3349: $? = 0
configure:3366: result: yes
configure:3375: checking whether gcc accepts -g
configure:3405: gcc -c -g  conftest.c >&5
configure:3412: $? = 0
configure:3513: result: yes
configure:3530: checking for gcc option to accept ISO C89
configure:3604: gcc  -c -g -O2  conftest.c >&5
configure:3611: $? = 0
configure:3634: result: none needed
configure:3654: checking dependency style of gcc
configure:3764: result: none
configure:3779: checking for a sed that does not truncate output
configure:3845: result: /bin/sed
configure:3863: checking for grep that handles long lines and -e
configure:3923: result: /bin/grep
configure:3928: checking for egrep
configure:3992: result: /bin/grep -E
configure:3997: checking for fgrep
configure:4061: result: /bin/grep -F
configure:4096: checking for ld used by gcc
configure:4163: result: /usr/bin/ld
configure:4172: checking if the linker (/usr/bin/ld) is GNU ld
configure:4187: result: yes
configure:4199: checking for BSD- or MS-compatible name lister (nm)
configure:4248: result: /usr/bin/nm -B
configure:4366: checking the name lister (/usr/bin/nm -B) interface
configure:4373: gcc -c -g -O2  conftest.c >&5
configure:4376: /usr/bin/nm -B "conftest.o"
configure:4379: output
0000000000000000 B some_variable
configure:4386: result: BSD nm
configure:4389: checking whether ln -s works
configure:4393: result: yes
configure:4401: checking the maximum length of command line arguments
configure:4521: result: 1966080
configure:4538: checking whether the shell understands some XSI constructs
configure:4548: result: yes
configure:4552: checking whether the shell understands "+="
configure:4558: result: yes
configure:4593: checking for /usr/bin/ld option to reload object files
configure:4600: result: -r
configure:4669: checking for objdump
configure:4685: found /usr/bin/objdump
configure:4696: result: objdump
configure:4728: checking how to recognize dependent libraries
configure:4924: result: pass_all
configure:4984: checking for ar
configure:5000: found /usr/bin/ar
configure:5011: result: ar
configure:5089: checking for strip
configure:5105: found /usr/bin/strip
configure:5116: result: strip
configure:5188: checking for ranlib
configure:5204: found /usr/bin/ranlib
configure:5215: result: ranlib
configure:5305: checking command to parse /usr/bin/nm -B output from gcc object
configure:5423: gcc -c -g -O2  conftest.c >&5
configure:5426: $? = 0
configure:5430: /usr/bin/nm -B conftest.o \| sed -n -e 's/^.*[	 ]\([ABCDGIRSTW][ABCDGIRSTW]*\)[	 ][	 ]*\([_A-Za-z][_A-Za-z0-9]*\)$/\1 \2 \2/p' \> conftest.nm
configure:5433: $? = 0
configure:5487: gcc -o conftest -g -O2   conftest.c conftstm.o >&5
configure:5490: $? = 0
configure:5528: result: ok
configure:5624: gcc -c -g -O2  conftest.c >&5
configure:5627: $? = 0
configure:6395: checking how to run the C preprocessor
configure:6435: gcc -E  conftest.c
configure:6442: $? = 0
configure:6473: gcc -E  conftest.c
conftest.c:10:28: error: ac_nonexistent.h: No such file or directory
configure:6480: $? = 1
configure: failed program was:
| /* confdefs.h.  */
| #define PACKAGE_NAME "tinker"
| #define PACKAGE_TARNAME "tinker"
| #define PACKAGE_VERSION "7.0"
| #define PACKAGE_STRING "tinker 7.0"
| #define PACKAGE_BUGREPORT "ponder@dasher.wustl.edu"
| #define PACKAGE "tinker"
| #define VERSION "7.0"
| /* end confdefs.h.  */
| #include <ac_nonexistent.h>
configure:6513: result: gcc -E
configure:6542: gcc -E  conftest.c
configure:6549: $? = 0
configure:6580: gcc -E  conftest.c
conftest.c:10:28: error: ac_nonexistent.h: No such file or directory
configure:6587: $? = 1
configure: failed program was:
| /* confdefs.h.  */
| #define PACKAGE_NAME "tinker"
| #define PACKAGE_TARNAME "tinker"
| #define PACKAGE_VERSION "7.0"
| #define PACKAGE_STRING "tinker 7.0"
| #define PACKAGE_BUGREPORT "ponder@dasher.wustl.edu"
| #define PACKAGE "tinker"
| #define VERSION "7.0"
| /* end confdefs.h.  */
| #include <ac_nonexistent.h>
configure:6627: checking for ANSI C header files
configure:6657: gcc -c -g -O2  conftest.c >&5
configure:6664: $? = 0
configure:6763: gcc -o conftest -g -O2   conftest.c  >&5
configure:6767: $? = 0
configure:6773: ./conftest
configure:6777: $? = 0
configure:6795: result: yes
configure:6819: checking for sys/types.h
configure:6840: gcc -c -g -O2  conftest.c >&5
configure:6847: $? = 0
configure:6864: result: yes
configure:6819: checking for sys/stat.h
configure:6840: gcc -c -g -O2  conftest.c >&5
configure:6847: $? = 0
configure:6864: result: yes
configure:6819: checking for stdlib.h
configure:6840: gcc -c -g -O2  conftest.c >&5
configure:6847: $? = 0
configure:6864: result: yes
configure:6819: checking for string.h
configure:6840: gcc -c -g -O2  conftest.c >&5
configure:6847: $? = 0
configure:6864: result: yes
configure:6819: checking for memory.h
configure:6840: gcc -c -g -O2  conftest.c >&5
configure:6847: $? = 0
configure:6864: result: yes
configure:6819: checking for strings.h
configure:6840: gcc -c -g -O2  conftest.c >&5
configure:6847: $? = 0
configure:6864: result: yes
configure:6819: checking for inttypes.h
configure:6840: gcc -c -g -O2  conftest.c >&5
configure:6847: $? = 0
configure:6864: result: yes
configure:6819: checking for stdint.h
configure:6840: gcc -c -g -O2  conftest.c >&5
configure:6847: $? = 0
configure:6864: result: yes
configure:6819: checking for unistd.h
configure:6840: gcc -c -g -O2  conftest.c >&5
configure:6847: $? = 0
configure:6864: result: yes
configure:6882: checking for dlfcn.h
configure:6903: gcc -c -g -O2  conftest.c >&5
configure:6910: $? = 0
configure:6927: result: yes
configure:7113: checking for objdir
configure:7128: result: .libs
configure:7424: checking if gcc supports -fno-rtti -fno-exceptions
configure:7442: gcc -c -g -O2  -fno-rtti -fno-exceptions conftest.c >&5
cc1: warning: command line option "-fno-rtti" is valid for C++/ObjC++ but not for C
configure:7446: $? = 0
configure:7459: result: no
configure:7479: checking for gcc option to produce PIC
configure:7751: result: -fPIC -DPIC
configure:7763: checking if gcc PIC flag -fPIC -DPIC works
configure:7781: gcc -c -g -O2  -fPIC -DPIC -DPIC conftest.c >&5
configure:7785: $? = 0
configure:7798: result: yes
configure:7822: checking if gcc static flag -static works
configure:7850: result: yes
configure:7865: checking if gcc supports -c -o file.o
configure:7886: gcc -c -g -O2  -o out/conftest2.o conftest.c >&5
configure:7890: $? = 0
configure:7912: result: yes
configure:7920: checking if gcc supports -c -o file.o
configure:7967: result: yes
configure:8000: checking whether the gcc linker (/usr/bin/ld -m elf_x86_64) supports shared libraries
configure:9074: result: yes
configure:9111: checking whether -lc should be explicitly linked in
configure:9116: gcc -c -g -O2  conftest.c >&5
configure:9119: $? = 0
configure:9134: gcc -shared conftest.o  -v -Wl,-soname -Wl,conftest -o conftest 2\>\&1 \| /bin/grep  -lc  \>/dev/null 2\>\&1
configure:9137: $? = 0
configure:9149: result: no
configure:9313: checking dynamic linker characteristics
configure:9756: gcc -o conftest -g -O2   -Wl,-rpath -Wl,/foo conftest.c  >&5
configure:9763: $? = 0
configure:9999: result: GNU/Linux ld.so
configure:10101: checking how to hardcode library paths into programs
configure:10126: result: immediate
configure:10959: checking whether stripping libraries is possible
configure:10964: result: yes
configure:10999: checking if libtool supports shared libraries
configure:11001: result: yes
configure:11004: checking whether to build shared libraries
configure:11025: result: yes
configure:11028: checking whether to build static libraries
configure:11032: result: yes
configure:11120: checking for g77
configure:11150: result: no
configure:11120: checking for xlf
configure:11150: result: no
configure:11120: checking for f77
configure:11150: result: no
configure:11120: checking for frt
configure:11150: result: no
configure:11120: checking for pgf77
configure:11150: result: no
configure:11120: checking for cf77
configure:11150: result: no
configure:11120: checking for fort77
configure:11150: result: no
configure:11120: checking for fl32
configure:11150: result: no
configure:11120: checking for af77
configure:11150: result: no
configure:11120: checking for xlf90
configure:11150: result: no
configure:11120: checking for f90
configure:11150: result: no
configure:11120: checking for pgf90
configure:11150: result: no
configure:11120: checking for pghpf
configure:11150: result: no
configure:11120: checking for epcf90
configure:11150: result: no
configure:11120: checking for gfortran
configure:11136: found /usr/bin/gfortran
configure:11147: result: gfortran
configure:11173: checking for Fortran 77 compiler version
configure:11181: gfortran --version >&5
GNU Fortran (GCC) 4.4.7 20120313 (Red Hat 4.4.7-18)
Copyright (C) 2010 Free Software Foundation, Inc.

GNU Fortran comes with NO WARRANTY, to the extent permitted by law.
You may redistribute copies of GNU Fortran
under the terms of the GNU General Public License.
For more information about these matters, see the file named COPYING

configure:11185: $? = 0
configure:11192: gfortran -v >&5
Using built-in specs.
Target: x86_64-redhat-linux
Configured with: ../configure --prefix=/usr --mandir=/usr/share/man --infodir=/usr/share/info --with-bugurl=http://bugzilla.redhat.com/bugzilla --enable-bootstrap --enable-shared --enable-threads=posix --enable-checking=release --with-system-zlib --enable-__cxa_atexit --disable-libunwind-exceptions --enable-gnu-unique-object --enable-languages=c,c++,objc,obj-c++,java,fortran,ada --enable-java-awt=gtk --disable-dssi --with-java-home=/usr/lib/jvm/java-1.5.0-gcj-1.5.0.0/jre --enable-libgcj-multifile --enable-java-maintainer-mode --with-ecj-jar=/usr/share/java/eclipse-ecj.jar --disable-libjava-multilib --with-ppl --with-cloog --with-tune=generic --with-arch_32=i686 --build=x86_64-redhat-linux
Thread model: posix
gcc version 4.4.7 20120313 (Red Hat 4.4.7-18) (GCC) 
configure:11196: $? = 0
configure:11203: gfortran -V >&5
gfortran: '-V' option must have argument
configure:11207: $? = 1
configure:11215: checking whether we are using the GNU Fortran 77 compiler
configure:11234: gfortran -c  conftest.F >&5
configure:11241: $? = 0
configure:11258: result: yes
configure:11264: checking whether gfortran accepts -g
configure:11281: gfortran -c -g conftest.f >&5
configure:11288: $? = 0
configure:11304: result: yes
configure:11440: checking for Fortran 77 compiler version
configure:11448: gfortran --version >&5
GNU Fortran (GCC) 4.4.7 20120313 (Red Hat 4.4.7-18)
Copyright (C) 2010 Free Software Foundation, Inc.

GNU Fortran comes with NO WARRANTY, to the extent permitted by law.
You may redistribute copies of GNU Fortran
under the terms of the GNU General Public License.
For more information about these matters, see the file named COPYING

configure:11452: $? = 0
configure:11459: gfortran -v >&5
Using built-in specs.
Target: x86_64-redhat-linux
Configured with: ../configure --prefix=/usr --mandir=/usr/share/man --infodir=/usr/share/info --with-bugurl=http://bugzilla.redhat.com/bugzilla --enable-bootstrap --enable-shared --enable-threads=posix --enable-checking=release --with-system-zlib --enable-__cxa_atexit --disable-libunwind-exceptions --enable-gnu-unique-object --enable-languages=c,c++,objc,obj-c++,java,fortran,ada --enable-java-awt=gtk --disable-dssi --with-java-home=/usr/lib/jvm/java-1.5.0-gcj-1.5.0.0/jre --enable-libgcj-multifile --enable-java-maintainer-mode --with-ecj-jar=/usr/share/java/eclipse-ecj.jar --disable-libjava-multilib --with-ppl --with-cloog --with-tune=generic --with-arch_32=i686 --build=x86_64-redhat-linux
Thread model: posix
gcc version 4.4.7 20120313 (Red Hat 4.4.7-18) (GCC) 
configure:11463: $? = 0
configure:11470: gfortran -V >&5
gfortran: '-V' option must have argument
configure:11474: $? = 1
configure:11482: checking whether we are using the GNU Fortran 77 compiler
configure:11525: result: yes
configure:11531: checking whether gfortran accepts -g
configure:11571: result: yes
configure:11707: checking if libtool supports shared libraries
configure:11709: result: yes
configure:11712: checking whether to build shared libraries
configure:11732: result: yes
configure:11735: checking whether to build static libraries
configure:11739: result: yes
configure:11753: checking for gfortran option to produce PIC
configure:12025: result: -fPIC
configure:12034: checking if gfortran PIC flag -fPIC works
configure:12052: gfortran -c -g -O2 -fPIC conftest.f >&5
configure:12056: $? = 0
configure:12069: result: yes
configure:12090: checking if gfortran static flag -static works
configure:12118: result: yes
configure:12130: checking if gfortran supports -c -o file.o
configure:12151: gfortran -c -g -O2 -o out/conftest2.o conftest.f >&5
configure:12155: $? = 0
configure:12177: result: yes
configure:12182: checking if gfortran supports -c -o file.o
configure:12229: result: yes
configure:12259: checking whether the gfortran linker (/usr/bin/ld -m elf_x86_64) supports shared libraries
configure:13313: result: yes
configure:13450: checking dynamic linker characteristics
configure:13831: gfortran -o conftest -g -O2  -Wl,-rpath -Wl,/foo conftest.f  >&5
configure:13838: $? = 0
configure:14074: result: GNU/Linux ld.so
configure:14125: checking how to hardcode library paths into programs
configure:14150: result: immediate
configure:14186: checking how to get verbose linking output from gfortran
configure:14202: gfortran -c -g -O2 conftest.f >&5
configure:14209: $? = 0
configure:14231: gfortran -o conftest -g -O2 -v conftest.f
Using built-in specs.
Target: x86_64-redhat-linux
Configured with: ../configure --prefix=/usr --mandir=/usr/share/man --infodir=/usr/share/info --with-bugurl=http://bugzilla.redhat.com/bugzilla --enable-bootstrap --enable-shared --enable-threads=posix --enable-checking=release --with-system-zlib --enable-__cxa_atexit --disable-libunwind-exceptions --enable-gnu-unique-object --enable-languages=c,c++,objc,obj-c++,java,fortran,ada --enable-java-awt=gtk --disable-dssi --with-java-home=/usr/lib/jvm/java-1.5.0-gcj-1.5.0.0/jre --enable-libgcj-multifile --enable-java-maintainer-mode --with-ecj-jar=/usr/share/java/eclipse-ecj.jar --disable-libjava-multilib --with-ppl --with-cloog --with-tune=generic --with-arch_32=i686 --build=x86_64-redhat-linux
Thread model: posix
gcc version 4.4.7 20120313 (Red Hat 4.4.7-18) (GCC) 
 /usr/libexec/gcc/x86_64-redhat-linux/4.4.7/f951 conftest.f -ffixed-form -quiet -dumpbase conftest.f -mtune=generic -auxbase conftest -g -O2 -version -fintrinsic-modules-path /usr/lib/gcc/x86_64-redhat-linux/4.4.7/finclude -o /tmp/ccqZPsh2.s
GNU Fortran (GCC) version 4.4.7 20120313 (Red Hat 4.4.7-18) (x86_64-redhat-linux)
	compiled by GNU C version 4.4.7 20120313 (Red Hat 4.4.7-18), GMP version 4.3.1, MPFR version 2.4.1.
GGC heuristics: --param ggc-min-expand=100 --param ggc-min-heapsize=131072
 as -V -Qy -o /tmp/cc6Ch7pG.o /tmp/ccqZPsh2.s
GNU assembler version 2.20.51.0.2 (x86_64-redhat-linux) using BFD version version 2.20.51.0.2-5.42.el6 20100205
 /usr/libexec/gcc/x86_64-redhat-linux/4.4.7/collect2 --eh-frame-hdr --build-id -m elf_x86_64 --hash-style=gnu -dynamic-linker /lib64/ld-linux-x86-64.so.2 -o conftest /usr/lib/gcc/x86_64-redhat-linux/4.4.7/../../../../lib64/crt1.o /usr/lib/gcc/x86_64-redhat-linux/4.4.7/../../../../lib64/crti.o /usr/lib/gcc/x86_64-redhat-linux/4.4.7/crtbegin.o -L/usr/lib/gcc/x86_64-redhat-linux/4.4.7 -L/usr/lib/gcc/x86_64-redhat-linux/4.4.7 -L/usr/lib/gcc/x86_64-redhat-linux/4.4.7/../../../../lib64 -L/lib/../lib64 -L/usr/lib/../lib64 -L/users/opt/intel/composer_xe_2013.2.146/compiler/lib/intel64 -L/users/opt/intel/composer_xe_2013.2.146/ipp/../compiler/lib/intel64 -L/users/opt/intel/composer_xe_2013.2.146/ipp/lib/intel64 -L/users/opt/intel/composer_xe_2013.2.146/compiler/lib/intel64 -L/users/opt/intel/composer_xe_2013.2.146/mkl/lib/intel64 -L/users/opt/intel/composer_xe_2013.2.146/tbb/lib/intel64 -L/users/opt/intel/composer_xe_2013.2.146/compiler/lib/intel64 -L/users/opt/intel/composer_xe_2013.2.146/ipp/../compiler/lib/intel64 -L/users/opt/intel/composer_xe_2013.2.146/ipp/lib/intel64 -L/users/opt/intel/composer_xe_2013.2.146/compiler/lib/intel64 -L/users/opt/intel/composer_xe_2013.2.146/mkl/lib/intel64 -L/users/opt/intel/composer_xe_2013.2.146/tbb/lib/intel64 -L/usr/lib/gcc/x86_64-redhat-linux/4.4.7/../../.. /tmp/cc6Ch7pG.o -lgfortranbegin -lgfortran -lm -lgcc_s -lgcc -lc -lgcc_s -lgcc /usr/lib/gcc/x86_64-redhat-linux/4.4.7/crtend.o /usr/lib/gcc/x86_64-redhat-linux/4.4.7/../../../../lib64/crtn.o
configure:14300: result: -v
configure:14302: checking for Fortran 77 libraries of gfortran
configure:14325: gfortran -o conftest -g -O2 -v conftest.f
Using built-in specs.
Target: x86_64-redhat-linux
Configured with: ../configure --prefix=/usr --mandir=/usr/share/man --infodir=/usr/share/info --with-bugurl=http://bugzilla.redhat.com/bugzilla --enable-bootstrap --enable-shared --enable-threads=posix --enable-checking=release --with-system-zlib --enable-__cxa_atexit --disable-libunwind-exceptions --enable-gnu-unique-object --enable-languages=c,c++,objc,obj-c++,java,fortran,ada --enable-java-awt=gtk --disable-dssi --with-java-home=/usr/lib/jvm/java-1.5.0-gcj-1.5.0.0/jre --enable-libgcj-multifile --enable-java-maintainer-mode --with-ecj-jar=/usr/share/java/eclipse-ecj.jar --disable-libjava-multilib --with-ppl --with-cloog --with-tune=generic --with-arch_32=i686 --build=x86_64-redhat-linux
Thread model: posix
gcc version 4.4.7 20120313 (Red Hat 4.4.7-18) (GCC) 
 /usr/libexec/gcc/x86_64-redhat-linux/4.4.7/f951 conftest.f -ffixed-form -quiet -dumpbase conftest.f -mtune=generic -auxbase conftest -g -O2 -version -fintrinsic-modules-path /usr/lib/gcc/x86_64-redhat-linux/4.4.7/finclude -o /tmp/ccPhlhF4.s
GNU Fortran (GCC) version 4.4.7 20120313 (Red Hat 4.4.7-18) (x86_64-redhat-linux)
	compiled by GNU C version 4.4.7 20120313 (Red Hat 4.4.7-18), GMP version 4.3.1, MPFR version 2.4.1.
GGC heuristics: --param ggc-min-expand=100 --param ggc-min-heapsize=131072
 as -V -Qy -o /tmp/ccjuW3SI.o /tmp/ccPhlhF4.s
GNU assembler version 2.20.51.0.2 (x86_64-redhat-linux) using BFD version version 2.20.51.0.2-5.42.el6 20100205
 /usr/libexec/gcc/x86_64-redhat-linux/4.4.7/collect2 --eh-frame-hdr --build-id -m elf_x86_64 --hash-style=gnu -dynamic-linker /lib64/ld-linux-x86-64.so.2 -o conftest /usr/lib/gcc/x86_64-redhat-linux/4.4.7/../../../../lib64/crt1.o /usr/lib/gcc/x86_64-redhat-linux/4.4.7/../../../../lib64/crti.o /usr/lib/gcc/x86_64-redhat-linux/4.4.7/crtbegin.o -L/usr/lib/gcc/x86_64-redhat-linux/4.4.7 -L/usr/lib/gcc/x86_64-redhat-linux/4.4.7 -L/usr/lib/gcc/x86_64-redhat-linux/4.4.7/../../../../lib64 -L/lib/../lib64 -L/usr/lib/../lib64 -L/users/opt/intel/composer_xe_2013.2.146/compiler/lib/intel64 -L/users/opt/intel/composer_xe_2013.2.146/ipp/../compiler/lib/intel64 -L/users/opt/intel/composer_xe_2013.2.146/ipp/lib/intel64 -L/users/opt/intel/composer_xe_2013.2.146/compiler/lib/intel64 -L/users/opt/intel/composer_xe_2013.2.146/mkl/lib/intel64 -L/users/opt/intel/composer_xe_2013.2.146/tbb/lib/intel64 -L/users/opt/intel/composer_xe_2013.2.146/compiler/lib/intel64 -L/users/opt/intel/composer_xe_2013.2.146/ipp/../compiler/lib/intel64 -L/users/opt/intel/composer_xe_2013.2.146/ipp/lib/intel64 -L/users/opt/intel/composer_xe_2013.2.146/compiler/lib/intel64 -L/users/opt/intel/composer_xe_2013.2.146/mkl/lib/intel64 -L/users/opt/intel/composer_xe_2013.2.146/tbb/lib/intel64 -L/usr/lib/gcc/x86_64-redhat-linux/4.4.7/../../.. /tmp/ccjuW3SI.o -lgfortranbegin -lgfortran -lm -lgcc_s -lgcc -lc -lgcc_s -lgcc /usr/lib/gcc/x86_64-redhat-linux/4.4.7/crtend.o /usr/lib/gcc/x86_64-redhat-linux/4.4.7/../../../../lib64/crtn.o
configure:14502: result:  -L/usr/lib/gcc/x86_64-redhat-linux/4.4.7 -L/usr/lib/gcc/x86_64-redhat-linux/4.4.7/../../../../lib64 -L/lib/../lib64 -L/usr/lib/../lib64 -L/users/opt/intel/composer_xe_2013.2.146/compiler/lib/intel64 -L/users/opt/intel/composer_xe_2013.2.146/ipp/../compiler/lib/intel64 -L/users/opt/intel/composer_xe_2013.2.146/ipp/lib/intel64 -L/users/opt/intel/composer_xe_2013.2.146/mkl/lib/intel64 -L/users/opt/intel/composer_xe_2013.2.146/tbb/lib/intel64 -L/usr/lib/gcc/x86_64-redhat-linux/4.4.7/../../.. -lgfortranbegin -lgfortran -lm
configure:14675: creating ./config.status

## ---------------- ##
## Cache variables. ##
## ---------------- ##

ac_cv_build=x86_64-unknown-linux-gnu
ac_cv_c_compiler_gnu=yes
ac_cv_env_CC_set=
ac_cv_env_CC_value=
ac_cv_env_CFLAGS_set=
ac_cv_env_CFLAGS_value=
ac_cv_env_CPPFLAGS_set=
ac_cv_env_CPPFLAGS_value=
ac_cv_env_CPP_set=
ac_cv_env_CPP_value=
ac_cv_env_F77_set=
ac_cv_env_F77_value=
ac_cv_env_FFLAGS_set=
ac_cv_env_FFLAGS_value=
ac_cv_env_LDFLAGS_set=
ac_cv_env_LDFLAGS_value=
ac_cv_env_LIBS_set=
ac_cv_env_LIBS_value=
ac_cv_env_build_alias_set=
ac_cv_env_build_alias_value=
ac_cv_env_host_alias_set=
ac_cv_env_host_alias_value=
ac_cv_env_target_alias_set=
ac_cv_env_target_alias_value=
ac_cv_f77_compiler_gnu=yes
ac_cv_f77_libs=' -L/usr/lib/gcc/x86_64-redhat-linux/4.4.7 -L/usr/lib/gcc/x86_64-redhat-linux/4.4.7/../../../../lib64 -L/lib/../lib64 -L/usr/lib/../lib64 -L/users/opt/intel/composer_xe_2013.2.146/compiler/lib/intel64 -L/users/opt/intel/composer_xe_2013.2.146/ipp/../compiler/lib/intel64 -L/users/opt/intel/composer_xe_2013.2.146/ipp/lib/intel64 -L/users/opt/intel/composer_xe_2013.2.146/mkl/lib/intel64 -L/users/opt/intel/composer_xe_2013.2.146/tbb/lib/intel64 -L/usr/lib/gcc/x86_64-redhat-linux/4.4.7/../../.. -lgfortranbegin -lgfortran -lm'
ac_cv_header_dlfcn_h=yes
ac_cv_header_inttypes_h=yes
ac_cv_header_memory_h=yes
ac_cv_header_stdc=yes
ac_cv_header_stdint_h=yes
ac_cv_header_stdlib_h=yes
ac_cv_header_string_h=yes
ac_cv_header_strings_h=yes
ac_cv_header_sys_stat_h=yes
ac_cv_header_sys_types_h=yes
ac_cv_header_unistd_h=yes
ac_cv_host=x86_64-unknown-linux-gnu
ac_cv_objext=o
ac_cv_path_EGREP='/bin/grep -E'
ac_cv_path_FGREP='/bin/grep -F'
ac_cv_path_GREP=/bin/grep
ac_cv_path_SED=/bin/sed
ac_cv_path_install='/usr/bin/install -c'
ac_cv_path_mkdir=/bin/mkdir
ac_cv_prog_AWK=gawk
ac_cv_prog_CPP='gcc -E'
ac_cv_prog_ac_ct_AR=ar
ac_cv_prog_ac_ct_CC=gcc
ac_cv_prog_ac_ct_F77=gfortran
ac_cv_prog_ac_ct_OBJDUMP=objdump
ac_cv_prog_ac_ct_RANLIB=ranlib
ac_cv_prog_ac_ct_STRIP=strip
ac_cv_prog_cc_c89=
ac_cv_prog_cc_g=yes
ac_cv_prog_f77_g=yes
ac_cv_prog_f77_v=-v
ac_cv_prog_make_make_set=yes
am_cv_CC_dependencies_compiler_type=none
lt_cv_deplibs_check_method=pass_all
lt_cv_file_magic_cmd='$MAGIC_CMD'
lt_cv_file_magic_test_file=
lt_cv_ld_reload_flag=-r
lt_cv_nm_interface='BSD nm'
lt_cv_objdir=.libs
lt_cv_path_LD=/usr/bin/ld
lt_cv_path_NM='/usr/bin/nm -B'
lt_cv_prog_compiler_c_o=yes
lt_cv_prog_compiler_c_o_F77=yes
lt_cv_prog_compiler_pic_works=yes
lt_cv_prog_compiler_pic_works_F77=yes
lt_cv_prog_compiler_rtti_exceptions=no
lt_cv_prog_compiler_static_works=yes
lt_cv_prog_compiler_static_works_F77=yes
lt_cv_prog_gnu_ld=yes
lt_cv_sys_global_symbol_pipe='sed -n -e '\''s/^.*[	 ]\([ABCDGIRSTW][ABCDGIRSTW]*\)[	 ][	 ]*\([_A-Za-z][_A-Za-z0-9]*\)$/\1 \2 \2/p'\'''
lt_cv_sys_global_symbol_to_c_name_address='sed -n -e '\''s/^: \([^ ]*\) $/  {\"\1\", (void *) 0},/p'\'' -e '\''s/^[ABCDGIRSTW]* \([^ ]*\) \([^ ]*\)$/  {"\2", (void *) \&\2},/p'\'''
lt_cv_sys_global_symbol_to_c_name_address_lib_prefix='sed -n -e '\''s/^: \([^ ]*\) $/  {\"\1\", (void *) 0},/p'\'' -e '\''s/^[ABCDGIRSTW]* \([^ ]*\) \(lib[^ ]*\)$/  {"\2", (void *) \&\2},/p'\'' -e '\''s/^[ABCDGIRSTW]* \([^ ]*\) \([^ ]*\)$/  {"lib\2", (void *) \&\2},/p'\'''
lt_cv_sys_global_symbol_to_cdecl='sed -n -e '\''s/^T .* \(.*\)$/extern int \1();/p'\'' -e '\''s/^[ABCDGIRSTW]* .* \(.*\)$/extern char \1;/p'\'''
lt_cv_sys_max_cmd_len=1966080

## ----------------- ##
## Output variables. ##
## ----------------- ##

ACLOCAL='${SHELL} /home/liuchw/Softwares/tinkers/tinker-8.2/source-no-CP/missing --run aclocal-1.11'
AMDEPBACKSLASH='\'
AMDEP_FALSE='#'
AMDEP_TRUE=''
AMTAR='${SHELL} /home/liuchw/Softwares/tinkers/tinker-8.2/source-no-CP/missing --run tar'
AR='ar'
AUTOCONF='${SHELL} /home/liuchw/Softwares/tinkers/tinker-8.2/source-no-CP/missing --run autoconf'
AUTOHEADER='${SHELL} /home/liuchw/Softwares/tinkers/tinker-8.2/source-no-CP/missing --run autoheader'
AUTOMAKE='${SHELL} /home/liuchw/Softwares/tinkers/tinker-8.2/source-no-CP/missing --run automake-1.11'
AWK='gawk'
CC='gcc'
CCDEPMODE='depmode=none'
CFLAGS='-g -O2'
CPP='gcc -E'
CPPFLAGS=''
CYGPATH_W='echo'
DEFS='-DPACKAGE_NAME=\"tinker\" -DPACKAGE_TARNAME=\"tinker\" -DPACKAGE_VERSION=\"7.0\" -DPACKAGE_STRING=\"tinker\ 7.0\" -DPACKAGE_BUGREPORT=\"ponder@dasher.wustl.edu\" -DPACKAGE=\"tinker\" -DVERSION=\"7.0\" -DSTDC_HEADERS=1 -DHAVE_SYS_TYPES_H=1 -DHAVE_SYS_STAT_H=1 -DHAVE_STDLIB_H=1 -DHAVE_STRING_H=1 -DHAVE_MEMORY_H=1 -DHAVE_STRINGS_H=1 -DHAVE_INTTYPES_H=1 -DHAVE_STDINT_H=1 -DHAVE_UNISTD_H=1 -DHAVE_DLFCN_H=1 -DLT_OBJDIR=\".libs/\"'
DEPDIR='.deps'
DSYMUTIL=''
DUMPBIN=''
ECHO_C=''
ECHO_N='-n'
ECHO_T=''
EGREP='/bin/grep -E'
EXEEXT=''
F77='gfortran'
FFLAGS='-g -O2'
FGREP='/bin/grep -F'
FLIBS=' -L/usr/lib/gcc/x86_64-redhat-linux/4.4.7 -L/usr/lib/gcc/x86_64-redhat-linux/4.4.7/../../../../lib64 -L/lib/../lib64 -L/usr/lib/../lib64 -L/users/opt/intel/composer_xe_2013.2.146/compiler/lib/intel64 -L/users/opt/intel/composer_xe_2013.2.146/ipp/../compiler/lib/intel64 -L/users/opt/intel/composer_xe_2013.2.146/ipp/lib/intel64 -L/users/opt/intel/composer_xe_2013.2.146/mkl/lib/intel64 -L/users/opt/intel/composer_xe_2013.2.146/tbb/lib/intel64 -L/usr/lib/gcc/x86_64-redhat-linux/4.4.7/../../.. -lgfortranbegin -lgfortran -lm'
GREP='/bin/grep'
INSTALL_DATA='${INSTALL} -m 644'
INSTALL_PROGRAM='${INSTALL}'
INSTALL_SCRIPT='${INSTALL}'
INSTALL_STRIP_PROGRAM='$(install_sh) -c -s'
LD='/usr/bin/ld -m elf_x86_64'
LDFLAGS=''
LIBOBJS=''
LIBS=''
LIBTOOL='$(SHELL) $(top_builddir)/libtool'
LIPO=''
LN_S='ln -s'
LTLIBOBJS=''
MAKEINFO='${SHELL} /home/liuchw/Softwares/tinkers/tinker-8.2/source-no-CP/missing --run makeinfo'
MKDIR_P='/bin/mkdir -p'
NM='/usr/bin/nm -B'
NMEDIT=''
OBJDUMP='objdump'
OBJEXT='o'
OTOOL64=''
OTOOL=''
PACKAGE='tinker'
PACKAGE_BUGREPORT='ponder@dasher.wustl.edu'
PACKAGE_NAME='tinker'
PACKAGE_STRING='tinker 7.0'
PACKAGE_TARNAME='tinker'
PACKAGE_VERSION='7.0'
PATH_SEPARATOR=':'
RANLIB='ranlib'
SED='/bin/sed'
SET_MAKE=''
SHELL='/bin/sh'
STRIP='strip'
VERSION='7.0'
ac_ct_CC='gcc'
ac_ct_DUMPBIN=''
ac_ct_F77='gfortran'
am__EXEEXT_FALSE=''
am__EXEEXT_TRUE='#'
am__fastdepCC_FALSE=''
am__fastdepCC_TRUE='#'
am__include='include'
am__isrc=''
am__leading_dot='.'
am__quote=''
am__tar='${AMTAR} chof - "$$tardir"'
am__untar='${AMTAR} xf -'
bindir='${exec_prefix}/bin'
build='x86_64-unknown-linux-gnu'
build_alias=''
build_cpu='x86_64'
build_os='linux-gnu'
build_vendor='unknown'
datadir='${datarootdir}'
datarootdir='${prefix}/share'
docdir='${datarootdir}/doc/${PACKAGE_TARNAME}'
dvidir='${docdir}'
exec_prefix='${prefix}'
host='x86_64-unknown-linux-gnu'
host_alias=''
host_cpu='x86_64'
host_os='linux-gnu'
host_vendor='unknown'
htmldir='${docdir}'
includedir='${prefix}/include'
infodir='${datarootdir}/info'
install_sh='${SHELL} /home/liuchw/Softwares/tinkers/tinker-8.2/source-no-CP/install-sh'
libdir='${exec_prefix}/lib'
libexecdir='${exec_prefix}/libexec'
localedir='${datarootdir}/locale'
localstatedir='${prefix}/var'
lt_ECHO='echo'
mandir='${datarootdir}/man'
mkdir_p='/bin/mkdir -p'
oldincludedir='/usr/include'
pdfdir='${docdir}'
prefix='/usr/local'
program_transform_name='s,x,x,'
psdir='${docdir}'
sbindir='${exec_prefix}/sbin'
sharedstatedir='${prefix}/com'
sysconfdir='${prefix}/etc'
target_alias=''

## ----------- ##
## confdefs.h. ##
## ----------- ##

#define PACKAGE_NAME "tinker"
#define PACKAGE_TARNAME "tinker"
#define PACKAGE_VERSION "7.0"
#define PACKAGE_STRING "tinker 7.0"
#define PACKAGE_BUGREPORT "ponder@dasher.wustl.edu"
#define PACKAGE "tinker"
#define VERSION "7.0"
#define STDC_HEADERS 1
#define HAVE_SYS_TYPES_H 1
#define HAVE_SYS_STAT_H 1
#define HAVE_STDLIB_H 1
#define HAVE_STRING_H 1
#define HAVE_MEMORY_H 1
#define HAVE_STRINGS_H 1
#define HAVE_INTTYPES_H 1
#define HAVE_STDINT_H 1
#define HAVE_UNISTD_H 1
#define HAVE_DLFCN_H 1
#define LT_OBJDIR ".libs/"

configure: exit 0

## ---------------------- ##
## Running config.status. ##
## ---------------------- ##

This file was extended by tinker config.status 7.0, which was
generated by GNU Autoconf 2.63.  Invocation command line was

  CONFIG_FILES    = 
  CONFIG_HEADERS  = 
  CONFIG_LINKS    = 
  CONFIG_COMMANDS = 
  $ ./config.status 

on bme-nova.bme.utexas.edu

config.status:956: creating Makefile
config.status:1167: executing depfiles commands
config.status:1167: executing libtool commands
