✓ OpenMM loaded successfully
============================================================
Cavity OpenMM Diamer Test
============================================================

Simulation parameters:
  Temperature: 100.0 K
  Timestep: 0.001 ps
  Cavity frequency: 1560.0 cm⁻¹ (0.007108 Hartree)
  Lambda coupling: 0.001
  Equilibration: 100.0 ps (100000 steps)
  Production: 100.0 ps (100000 steps)
  Total time: 200.0 ps
  Dipole output: Every timestep (1.0 fs) for accurate IR spectrum

--- Creating Diamer System ---
Created system with 500 particles (250 molecules)
  O-O dimers: 200
  N-N dimers: 50
  Box size: 2.5 nm

--- Adding Cavity Particle ---
Added cavity particle at index 500
  Omega_c: 0.007107883038691078 (OpenMM energy units)
  Photon mass: 1.0 amu

--- Adding Cavity Force ---
  CavityForce added successfully
  Omega_c: 0.007108 a.u. (Hartree)
  Photon mass: 1.0 amu = 1822.9 a.u.
  Expected spring constant K: 86348 kJ/(mol·nm^2)
  Lambda coupling: 0.001 (ACTIVE from t=0)
  CavityParticleDisplacer added (finite-Q mode)

--- Adding Bussi Thermostat ---
  BussiThermostat added for 500 particles
  Temperature: 100.0 K
  Tau: 0.1 ps

--- Creating Integrator ---
  LangevinMiddleIntegrator created
  Friction: 0.01 ps^-1 (low to preserve vibrations)
  Note: Bussi thermostat handles molecular thermalization

--- Creating Simulation ---
  Using CUDA platform (GPU acceleration)

--- Energy Minimization ---
  Initial energy: -990.6502630318857 kJ/mol
  Final energy: -3137.5223580020697 kJ/mol

--- Applying Finite-Q Displacement ---
  Cavity position before: (0.005747, -0.000262, 0.000000) nm
  Cavity position after:  (0.010000, 0.000000, 0.000000) nm
  Displacement: 0.01 nm along x-axis

--- Running Full Simulation (Coupling ON from t=0) ---
  Running 200000 steps (1 ns)...
  Progress updates every 1 ps (1,000 steps)

  [  0.5%] Step    1000/200000 | Sim time:    1.0 ps | Speed:   33.6 ns/day | ETA:   0.1 hr
         PE: -2988.70 kJ/mol | Cavity: H=  0.07, C= -0.00, D=  0.00
         Cavity: ( 0.0010,  0.0007, -0.0006) nm

  [  1.0%] Step    2000/200000 | Sim time:    2.0 ps | Speed:   35.0 ns/day | ETA:   0.1 hr
         PE: -3077.93 kJ/mol | Cavity: H=  0.29, C= -0.00, D=  0.00
         Cavity: ( 0.0017,  0.0015, -0.0013) nm

  [  1.5%] Step    3000/200000 | Sim time:    3.0 ps | Speed:   33.4 ns/day | ETA:   0.1 hr
         PE: -3087.64 kJ/mol | Cavity: H=  0.47, C= -0.01, D=  0.00
         Cavity: ( 0.0023,  0.0021, -0.0012) nm

  [  2.0%] Step    4000/200000 | Sim time:    4.0 ps | Speed:   34.9 ns/day | ETA:   0.1 hr
         PE: -3070.70 kJ/mol | Cavity: H=  0.52, C=  0.00, D=  0.00
         Cavity: ( 0.0026,  0.0021, -0.0011) nm

  [  2.5%] Step    5000/200000 | Sim time:    5.0 ps | Speed:   34.6 ns/day | ETA:   0.1 hr
         PE: -3158.27 kJ/mol | Cavity: H=  0.57, C= -0.01, D=  0.00
         Cavity: ( 0.0023,  0.0027, -0.0009) nm

  [  3.0%] Step    6000/200000 | Sim time:    6.0 ps | Speed:   36.0 ns/day | ETA:   0.1 hr
         PE: -3110.49 kJ/mol | Cavity: H=  0.40, C= -0.01, D=  0.00
         Cavity: ( 0.0015,  0.0026, -0.0003) nm

  [  3.5%] Step    7000/200000 | Sim time:    7.0 ps | Speed:   32.9 ns/day | ETA:   0.1 hr
         PE: -3109.84 kJ/mol | Cavity: H=  0.25, C=  0.00, D=  0.00
         Cavity: ( 0.0007,  0.0021,  0.0010) nm

  [  4.0%] Step    8000/200000 | Sim time:    8.0 ps | Speed:   40.5 ns/day | ETA:   0.1 hr
         PE: -3086.87 kJ/mol | Cavity: H=  0.24, C= -0.00, D=  0.00
         Cavity: ( 0.0001,  0.0016,  0.0017) nm

  [  4.5%] Step    9000/200000 | Sim time:    9.0 ps | Speed:   37.2 ns/day | ETA:   0.1 hr
         PE: -3082.81 kJ/mol | Cavity: H=  0.22, C= -0.00, D=  0.00
         Cavity: (-0.0007,  0.0009,  0.0020) nm

  [  5.0%] Step   10000/200000 | Sim time:   10.0 ps | Speed:   33.5 ns/day | ETA:   0.1 hr
         PE: -3102.61 kJ/mol | Cavity: H=  0.22, C= -0.00, D=  0.00
         Cavity: (-0.0013, -0.0008,  0.0016) nm

  [  5.5%] Step   11000/200000 | Sim time:   11.0 ps | Speed:   30.8 ns/day | ETA:   0.1 hr
         PE: -3134.35 kJ/mol | Cavity: H=  0.46, C= -0.01, D=  0.00
         Cavity: (-0.0023, -0.0020,  0.0012) nm

  [  6.0%] Step   12000/200000 | Sim time:   12.0 ps | Speed:   38.3 ns/day | ETA:   0.1 hr
         PE: -3143.60 kJ/mol | Cavity: H=  0.66, C= -0.01, D=  0.00
         Cavity: (-0.0026, -0.0029,  0.0005) nm

  [  6.5%] Step   13000/200000 | Sim time:   13.0 ps | Speed:   36.2 ns/day | ETA:   0.1 hr
         PE: -3120.63 kJ/mol | Cavity: H=  0.77, C= -0.02, D=  0.00
         Cavity: (-0.0029, -0.0031,  0.0002) nm

  [  7.0%] Step   14000/200000 | Sim time:   14.0 ps | Speed:   37.6 ns/day | ETA:   0.1 hr
         PE: -3104.24 kJ/mol | Cavity: H=  0.70, C= -0.02, D=  0.00
         Cavity: (-0.0027, -0.0029, -0.0005) nm

  [  7.5%] Step   15000/200000 | Sim time:   15.0 ps | Speed:   37.8 ns/day | ETA:   0.1 hr
         PE: -3109.97 kJ/mol | Cavity: H=  0.52, C= -0.02, D=  0.00
         Cavity: (-0.0021, -0.0027, -0.0004) nm

  [  8.0%] Step   16000/200000 | Sim time:   16.0 ps | Speed:   35.6 ns/day | ETA:   0.1 hr
         PE: -3110.99 kJ/mol | Cavity: H=  0.32, C= -0.01, D=  0.00
         Cavity: (-0.0013, -0.0023, -0.0006) nm

  [  8.5%] Step   17000/200000 | Sim time:   17.0 ps | Speed:   39.0 ns/day | ETA:   0.1 hr
         PE: -3174.50 kJ/mol | Cavity: H=  0.09, C=  0.00, D=  0.00
         Cavity: (-0.0002, -0.0012, -0.0006) nm

  [  9.0%] Step   18000/200000 | Sim time:   18.0 ps | Speed:   37.5 ns/day | ETA:   0.1 hr
         PE: -3123.84 kJ/mol | Cavity: H=  0.03, C= -0.00, D=  0.00
         Cavity: ( 0.0008, -0.0001, -0.0003) nm

  [  9.5%] Step   19000/200000 | Sim time:   19.0 ps | Speed:   38.0 ns/day | ETA:   0.1 hr
         PE: -3158.14 kJ/mol | Cavity: H=  0.12, C=  0.00, D=  0.00
         Cavity: ( 0.0015,  0.0003, -0.0007) nm

  [ 10.0%] Step   20000/200000 | Sim time:   20.0 ps | Speed:   39.0 ns/day | ETA:   0.1 hr
         PE: -3143.12 kJ/mol | Cavity: H=  0.55, C= -0.00, D=  0.00
         Cavity: ( 0.0030,  0.0011, -0.0015) nm

  [ 10.5%] Step   21000/200000 | Sim time:   21.0 ps | Speed:   35.1 ns/day | ETA:   0.1 hr
         PE: -3059.95 kJ/mol | Cavity: H=  0.84, C=  0.00, D=  0.00
         Cavity: ( 0.0036,  0.0019, -0.0017) nm

  [ 11.0%] Step   22000/200000 | Sim time:   22.0 ps | Speed:   39.0 ns/day | ETA:   0.1 hr
         PE: -3074.99 kJ/mol | Cavity: H=  0.76, C= -0.00, D=  0.00
         Cavity: ( 0.0037,  0.0017, -0.0010) nm

  [ 11.5%] Step   23000/200000 | Sim time:   23.0 ps | Speed:   40.0 ns/day | ETA:   0.1 hr
         PE: -3087.85 kJ/mol | Cavity: H=  0.62, C=  0.00, D=  0.00
         Cavity: ( 0.0035,  0.0013, -0.0006) nm

  [ 12.0%] Step   24000/200000 | Sim time:   24.0 ps | Speed:   43.6 ns/day | ETA:   0.1 hr
         PE: -3077.92 kJ/mol | Cavity: H=  0.22, C=  0.00, D=  0.00
         Cavity: ( 0.0022,  0.0006, -0.0000) nm

  [ 12.5%] Step   25000/200000 | Sim time:   25.0 ps | Speed:   35.5 ns/day | ETA:   0.1 hr
         PE: -3085.05 kJ/mol | Cavity: H=  0.03, C= -0.00, D=  0.00
         Cavity: ( 0.0006,  0.0006,  0.0002) nm

  [ 13.0%] Step   26000/200000 | Sim time:   26.0 ps | Speed:   30.1 ns/day | ETA:   0.1 hr
         PE: -3078.95 kJ/mol | Cavity: H=  0.06, C=  0.00, D=  0.00
         Cavity: (-0.0012, -0.0004, -0.0000) nm

  [ 13.5%] Step   27000/200000 | Sim time:   27.0 ps | Speed:   34.1 ns/day | ETA:   0.1 hr
         PE: -3108.13 kJ/mol | Cavity: H=  0.27, C=  0.00, D=  0.00
         Cavity: (-0.0023, -0.0007,  0.0007) nm

  [ 14.0%] Step   28000/200000 | Sim time:   28.0 ps | Speed:   35.6 ns/day | ETA:   0.1 hr
         PE: -3086.52 kJ/mol | Cavity: H=  0.56, C=  0.01, D=  0.00
         Cavity: (-0.0034, -0.0008,  0.0007) nm

  [ 14.5%] Step   29000/200000 | Sim time:   29.0 ps | Speed:   32.4 ns/day | ETA:   0.1 hr
         PE: -3164.96 kJ/mol | Cavity: H=  0.70, C= -0.00, D=  0.00
         Cavity: (-0.0038, -0.0012,  0.0008) nm

  [ 15.0%] Step   30000/200000 | Sim time:   30.0 ps | Speed:   35.4 ns/day | ETA:   0.1 hr
         PE: -3107.93 kJ/mol | Cavity: H=  0.56, C= -0.01, D=  0.00
         Cavity: (-0.0033, -0.0012,  0.0009) nm

  [ 15.5%] Step   31000/200000 | Sim time:   31.0 ps | Speed:   37.1 ns/day | ETA:   0.1 hr
         PE: -3109.88 kJ/mol | Cavity: H=  0.22, C= -0.00, D=  0.00
         Cavity: (-0.0018, -0.0011,  0.0007) nm

  [ 16.0%] Step   32000/200000 | Sim time:   32.0 ps | Speed:   36.6 ns/day | ETA:   0.1 hr
         PE: -3083.52 kJ/mol | Cavity: H=  0.06, C=  0.00, D=  0.00
         Cavity: (-0.0002, -0.0010,  0.0005) nm

  [ 16.5%] Step   33000/200000 | Sim time:   33.0 ps | Speed:   38.8 ns/day | ETA:   0.1 hr
         PE: -3141.41 kJ/mol | Cavity: H=  0.04, C= -0.00, D=  0.00
         Cavity: ( 0.0009, -0.0004, -0.0003) nm

  [ 17.0%] Step   34000/200000 | Sim time:   34.0 ps | Speed:   36.7 ns/day | ETA:   0.1 hr
         PE: -3115.70 kJ/mol | Cavity: H=  0.17, C= -0.01, D=  0.00
         Cavity: ( 0.0017,  0.0002, -0.0009) nm

  [ 17.5%] Step   35000/200000 | Sim time:   35.0 ps | Speed:   36.9 ns/day | ETA:   0.1 hr
         PE: -3051.19 kJ/mol | Cavity: H=  0.36, C= -0.00, D=  0.00
         Cavity: ( 0.0027, -0.0000, -0.0011) nm

  [ 18.0%] Step   36000/200000 | Sim time:   36.0 ps | Speed:   34.9 ns/day | ETA:   0.1 hr
         PE: -3087.59 kJ/mol | Cavity: H=  0.47, C= -0.01, D=  0.00
         Cavity: ( 0.0031,  0.0006, -0.0009) nm

  [ 18.5%] Step   37000/200000 | Sim time:   37.0 ps | Speed:   38.5 ns/day | ETA:   0.1 hr
         PE: -3067.97 kJ/mol | Cavity: H=  0.56, C=  0.01, D=  0.00
         Cavity: ( 0.0028,  0.0017, -0.0016) nm

  [ 19.0%] Step   38000/200000 | Sim time:   38.0 ps | Speed:   37.8 ns/day | ETA:   0.1 hr
         PE: -3073.82 kJ/mol | Cavity: H=  0.30, C=  0.01, D=  0.00
         Cavity: ( 0.0011,  0.0015, -0.0019) nm

  [ 19.5%] Step   39000/200000 | Sim time:   39.0 ps | Speed:   34.8 ns/day | ETA:   0.1 hr
         PE: -3100.02 kJ/mol | Cavity: H=  0.21, C=  0.00, D=  0.00
         Cavity: ( 0.0004,  0.0016, -0.0015) nm

  [ 20.0%] Step   40000/200000 | Sim time:   40.0 ps | Speed:   35.9 ns/day | ETA:   0.1 hr
         PE: -3053.15 kJ/mol | Cavity: H=  0.07, C=  0.00, D=  0.00
         Cavity: (-0.0005,  0.0007, -0.0009) nm

  [ 20.5%] Step   41000/200000 | Sim time:   41.0 ps | Speed:   37.1 ns/day | ETA:   0.1 hr
         PE: -3098.96 kJ/mol | Cavity: H=  0.09, C= -0.00, D=  0.00
         Cavity: (-0.0014,  0.0001, -0.0004) nm

  [ 21.0%] Step   42000/200000 | Sim time:   42.0 ps | Speed:   37.6 ns/day | ETA:   0.1 hr
         PE: -3152.66 kJ/mol | Cavity: H=  0.14, C= -0.01, D=  0.00
         Cavity: (-0.0017, -0.0005, -0.0002) nm

  [ 21.5%] Step   43000/200000 | Sim time:   43.0 ps | Speed:   38.1 ns/day | ETA:   0.1 hr
         PE: -3090.17 kJ/mol | Cavity: H=  0.33, C=  0.00, D=  0.00
         Cavity: (-0.0027, -0.0006,  0.0002) nm

  [ 22.0%] Step   44000/200000 | Sim time:   44.0 ps | Speed:   37.2 ns/day | ETA:   0.1 hr
         PE: -3098.89 kJ/mol | Cavity: H=  0.40, C=  0.01, D=  0.00
         Cavity: (-0.0030, -0.0003,  0.0006) nm

  [ 22.5%] Step   45000/200000 | Sim time:   45.0 ps | Speed:   38.4 ns/day | ETA:   0.1 hr
         PE: -3087.44 kJ/mol | Cavity: H=  0.33, C=  0.00, D=  0.00
         Cavity: (-0.0027, -0.0001,  0.0005) nm

  [ 23.0%] Step   46000/200000 | Sim time:   46.0 ps | Speed:   41.6 ns/day | ETA:   0.1 hr
         PE: -3094.10 kJ/mol | Cavity: H=  0.17, C=  0.00, D=  0.00
         Cavity: (-0.0019, -0.0004,  0.0003) nm

  [ 23.5%] Step   47000/200000 | Sim time:   47.0 ps | Speed:   42.4 ns/day | ETA:   0.1 hr
         PE: -3063.09 kJ/mol | Cavity: H=  0.04, C=  0.00, D=  0.00
         Cavity: (-0.0006, -0.0007,  0.0001) nm

  [ 24.0%] Step   48000/200000 | Sim time:   48.0 ps | Speed:   42.5 ns/day | ETA:   0.1 hr
         PE: -3037.34 kJ/mol | Cavity: H=  0.04, C= -0.00, D=  0.00
         Cavity: ( 0.0007, -0.0002,  0.0006) nm

  [ 24.5%] Step   49000/200000 | Sim time:   49.0 ps | Speed:   42.0 ns/day | ETA:   0.1 hr
         PE: -3071.96 kJ/mol | Cavity: H=  0.17, C=  0.00, D=  0.00
         Cavity: ( 0.0019, -0.0001,  0.0006) nm

  [ 25.0%] Step   50000/200000 | Sim time:   50.0 ps | Speed:   41.2 ns/day | ETA:   0.1 hr
         PE: -3074.04 kJ/mol | Cavity: H=  0.37, C= -0.00, D=  0.00
         Cavity: ( 0.0029,  0.0000,  0.0005) nm

  [ 25.5%] Step   51000/200000 | Sim time:   51.0 ps | Speed:   42.1 ns/day | ETA:   0.1 hr
         PE: -3072.75 kJ/mol | Cavity: H=  0.43, C= -0.00, D=  0.00
         Cavity: ( 0.0030,  0.0006,  0.0007) nm

  [ 26.0%] Step   52000/200000 | Sim time:   52.0 ps | Speed:   41.9 ns/day | ETA:   0.1 hr
         PE: -3059.33 kJ/mol | Cavity: H=  0.43, C= -0.00, D=  0.00
         Cavity: ( 0.0030,  0.0010,  0.0001) nm

  [ 26.5%] Step   53000/200000 | Sim time:   53.0 ps | Speed:   42.2 ns/day | ETA:   0.1 hr
         PE: -3059.21 kJ/mol | Cavity: H=  0.42, C=  0.00, D=  0.00
         Cavity: ( 0.0027,  0.0015, -0.0003) nm

  [ 27.0%] Step   54000/200000 | Sim time:   54.0 ps | Speed:   42.6 ns/day | ETA:   0.1 hr
         PE: -3090.09 kJ/mol | Cavity: H=  0.23, C= -0.00, D=  0.00
         Cavity: ( 0.0021,  0.0007, -0.0004) nm

  [ 27.5%] Step   55000/200000 | Sim time:   55.0 ps | Speed:   41.3 ns/day | ETA:   0.1 hr
         PE: -3100.09 kJ/mol | Cavity: H=  0.08, C= -0.00, D=  0.00
         Cavity: ( 0.0010,  0.0007, -0.0005) nm

  [ 28.0%] Step   56000/200000 | Sim time:   56.0 ps | Speed:   42.6 ns/day | ETA:   0.1 hr
         PE: -3073.77 kJ/mol | Cavity: H=  0.06, C= -0.00, D=  0.00
         Cavity: (-0.0002,  0.0002, -0.0011) nm

  [ 28.5%] Step   57000/200000 | Sim time:   57.0 ps | Speed:   41.1 ns/day | ETA:   0.1 hr
         PE: -3056.38 kJ/mol | Cavity: H=  0.21, C= -0.00, D=  0.00
         Cavity: (-0.0018, -0.0006, -0.0010) nm

  [ 29.0%] Step   58000/200000 | Sim time:   58.0 ps | Speed:   41.2 ns/day | ETA:   0.1 hr
         PE: -3043.54 kJ/mol | Cavity: H=  0.44, C= -0.00, D=  0.00
         Cavity: (-0.0029, -0.0012, -0.0004) nm

  [ 29.5%] Step   59000/200000 | Sim time:   59.0 ps | Speed:   42.7 ns/day | ETA:   0.1 hr
         PE: -3023.85 kJ/mol | Cavity: H=  0.66, C=  0.00, D=  0.00
         Cavity: (-0.0034, -0.0019, -0.0001) nm

  [ 30.0%] Step   60000/200000 | Sim time:   60.0 ps | Speed:   39.5 ns/day | ETA:   0.1 hr
         PE: -3062.98 kJ/mol | Cavity: H=  0.75, C= -0.01, D=  0.00
         Cavity: (-0.0036, -0.0020,  0.0007) nm

  [ 30.5%] Step   61000/200000 | Sim time:   61.0 ps | Speed:   36.8 ns/day | ETA:   0.1 hr
         PE: -3120.82 kJ/mol | Cavity: H=  0.68, C=  0.01, D=  0.00
         Cavity: (-0.0029, -0.0021,  0.0017) nm

  [ 31.0%] Step   62000/200000 | Sim time:   62.0 ps | Speed:   36.5 ns/day | ETA:   0.1 hr
         PE: -3092.07 kJ/mol | Cavity: H=  0.58, C=  0.00, D=  0.00
         Cavity: (-0.0024, -0.0018,  0.0022) nm

  [ 31.5%] Step   63000/200000 | Sim time:   63.0 ps | Speed:   33.8 ns/day | ETA:   0.1 hr
         PE: -3062.21 kJ/mol | Cavity: H=  0.33, C=  0.00, D=  0.00
         Cavity: (-0.0013, -0.0014,  0.0020) nm

  [ 32.0%] Step   64000/200000 | Sim time:   64.0 ps | Speed:   32.7 ns/day | ETA:   0.1 hr
         PE: -3011.56 kJ/mol | Cavity: H=  0.22, C=  0.00, D=  0.00
         Cavity: ( 0.0000, -0.0007,  0.0021) nm

  [ 32.5%] Step   65000/200000 | Sim time:   65.0 ps | Speed:   36.7 ns/day | ETA:   0.1 hr
         PE: -3090.60 kJ/mol | Cavity: H=  0.31, C= -0.00, D=  0.00
         Cavity: ( 0.0018, -0.0004,  0.0020) nm

  [ 33.0%] Step   66000/200000 | Sim time:   66.0 ps | Speed:   41.1 ns/day | ETA:   0.1 hr
         PE: -3039.51 kJ/mol | Cavity: H=  0.44, C= -0.02, D=  0.00
         Cavity: ( 0.0029,  0.0003,  0.0013) nm

  [ 33.5%] Step   67000/200000 | Sim time:   67.0 ps | Speed:   40.3 ns/day | ETA:   0.1 hr
         PE: -3078.57 kJ/mol | Cavity: H=  0.62, C= -0.02, D=  0.00
         Cavity: ( 0.0035,  0.0010,  0.0011) nm

  [ 34.0%] Step   68000/200000 | Sim time:   68.0 ps | Speed:   41.3 ns/day | ETA:   0.1 hr
         PE: -3083.72 kJ/mol | Cavity: H=  0.52, C= -0.03, D=  0.00
         Cavity: ( 0.0031,  0.0015, -0.0003) nm

  [ 34.5%] Step   69000/200000 | Sim time:   69.0 ps | Speed:   41.7 ns/day | ETA:   0.1 hr
         PE: -3052.26 kJ/mol | Cavity: H=  0.45, C= -0.02, D=  0.00
         Cavity: ( 0.0027,  0.0013, -0.0011) nm

  [ 35.0%] Step   70000/200000 | Sim time:   70.0 ps | Speed:   40.9 ns/day | ETA:   0.1 hr
         PE: -3098.87 kJ/mol | Cavity: H=  0.39, C= -0.01, D=  0.00
         Cavity: ( 0.0015,  0.0015, -0.0021) nm

  [ 35.5%] Step   71000/200000 | Sim time:   71.0 ps | Speed:   41.4 ns/day | ETA:   0.1 hr
         PE: -3039.70 kJ/mol | Cavity: H=  0.29, C= -0.00, D=  0.00
         Cavity: ( 0.0002,  0.0010, -0.0024) nm

  [ 36.0%] Step   72000/200000 | Sim time:   72.0 ps | Speed:   41.0 ns/day | ETA:   0.1 hr
         PE: -3041.03 kJ/mol | Cavity: H=  0.36, C=  0.00, D=  0.00
         Cavity: (-0.0017,  0.0009, -0.0021) nm

  [ 36.5%] Step   73000/200000 | Sim time:   73.0 ps | Speed:   41.5 ns/day | ETA:   0.1 hr
         PE: -3073.69 kJ/mol | Cavity: H=  0.48, C=  0.01, D=  0.00
         Cavity: (-0.0025,  0.0006, -0.0021) nm

  [ 37.0%] Step   74000/200000 | Sim time:   74.0 ps | Speed:   41.9 ns/day | ETA:   0.1 hr
         PE: -3090.49 kJ/mol | Cavity: H=  0.55, C=  0.01, D=  0.00
         Cavity: (-0.0032, -0.0005, -0.0014) nm

  [ 37.5%] Step   75000/200000 | Sim time:   75.0 ps | Speed:   41.4 ns/day | ETA:   0.1 hr
         PE: -3038.54 kJ/mol | Cavity: H=  0.73, C= -0.00, D=  0.00
         Cavity: (-0.0038, -0.0014,  0.0004) nm

  [ 38.0%] Step   76000/200000 | Sim time:   76.0 ps | Speed:   42.0 ns/day | ETA:   0.1 hr
         PE: -3035.79 kJ/mol | Cavity: H=  0.86, C= -0.01, D=  0.00
         Cavity: (-0.0033, -0.0028,  0.0011) nm

  [ 38.5%] Step   77000/200000 | Sim time:   77.0 ps | Speed:   41.7 ns/day | ETA:   0.1 hr
         PE: -2983.90 kJ/mol | Cavity: H=  1.07, C=  0.02, D=  0.00
         Cavity: (-0.0030, -0.0032,  0.0025) nm

  [ 39.0%] Step   78000/200000 | Sim time:   78.0 ps | Speed:   42.2 ns/day | ETA:   0.1 hr
         PE: -3063.22 kJ/mol | Cavity: H=  1.10, C=  0.01, D=  0.00
         Cavity: (-0.0020, -0.0036,  0.0030) nm

  [ 39.5%] Step   79000/200000 | Sim time:   79.0 ps | Speed:   41.7 ns/day | ETA:   0.1 hr
         PE: -3104.93 kJ/mol | Cavity: H=  0.77, C= -0.00, D=  0.00
         Cavity: (-0.0001, -0.0030,  0.0030) nm

  [ 40.0%] Step   80000/200000 | Sim time:   80.0 ps | Speed:   40.2 ns/day | ETA:   0.1 hr
         PE: -3087.95 kJ/mol | Cavity: H=  0.60, C= -0.01, D=  0.00
         Cavity: ( 0.0010, -0.0023,  0.0027) nm

  [ 40.5%] Step   81000/200000 | Sim time:   81.0 ps | Speed:   34.4 ns/day | ETA:   0.1 hr
         PE: -3061.53 kJ/mol | Cavity: H=  0.67, C= -0.01, D=  0.00
         Cavity: ( 0.0028, -0.0015,  0.0024) nm

  [ 41.0%] Step   82000/200000 | Sim time:   82.0 ps | Speed:   34.1 ns/day | ETA:   0.1 hr
         PE: -3028.74 kJ/mol | Cavity: H=  0.91, C= -0.03, D=  0.00
         Cavity: ( 0.0042,  0.0001,  0.0018) nm

  [ 41.5%] Step   83000/200000 | Sim time:   83.0 ps | Speed:   41.8 ns/day | ETA:   0.1 hr
         PE: -3078.00 kJ/mol | Cavity: H=  1.04, C= -0.01, D=  0.00
         Cavity: ( 0.0045,  0.0015,  0.0011) nm

  [ 42.0%] Step   84000/200000 | Sim time:   84.0 ps | Speed:   41.8 ns/day | ETA:   0.1 hr
         PE: -3051.28 kJ/mol | Cavity: H=  0.95, C= -0.01, D=  0.00
         Cavity: ( 0.0041,  0.0023, -0.0003) nm

  [ 42.5%] Step   85000/200000 | Sim time:   85.0 ps | Speed:   43.1 ns/day | ETA:   0.1 hr
         PE: -3055.80 kJ/mol | Cavity: H=  0.84, C=  0.00, D=  0.00
         Cavity: ( 0.0029,  0.0026, -0.0021) nm

  [ 43.0%] Step   86000/200000 | Sim time:   86.0 ps | Speed:   40.7 ns/day | ETA:   0.1 hr
         PE: -3099.92 kJ/mol | Cavity: H=  0.69, C=  0.00, D=  0.00
         Cavity: ( 0.0018,  0.0025, -0.0026) nm

  [ 43.5%] Step   87000/200000 | Sim time:   87.0 ps | Speed:   42.5 ns/day | ETA:   0.1 hr
         PE: -3089.67 kJ/mol | Cavity: H=  0.80, C= -0.00, D=  0.00
         Cavity: ( 0.0006,  0.0028, -0.0032) nm

  [ 44.0%] Step   88000/200000 | Sim time:   88.0 ps | Speed:   41.8 ns/day | ETA:   0.1 hr
         PE: -3069.07 kJ/mol | Cavity: H=  0.94, C= -0.01, D=  0.00
         Cavity: (-0.0005,  0.0034, -0.0032) nm

  [ 44.5%] Step   89000/200000 | Sim time:   89.0 ps | Speed:   42.4 ns/day | ETA:   0.1 hr
         PE: -3089.90 kJ/mol | Cavity: H=  0.52, C=  0.00, D=  0.00
         Cavity: (-0.0016,  0.0021, -0.0023) nm

  [ 45.0%] Step   90000/200000 | Sim time:   90.0 ps | Speed:   41.9 ns/day | ETA:   0.1 hr
         PE: -3101.36 kJ/mol | Cavity: H=  0.32, C= -0.00, D=  0.00
         Cavity: (-0.0020,  0.0012, -0.0014) nm

  [ 45.5%] Step   91000/200000 | Sim time:   91.0 ps | Speed:   42.2 ns/day | ETA:   0.1 hr
         PE: -3128.77 kJ/mol | Cavity: H=  0.27, C= -0.00, D=  0.00
         Cavity: (-0.0025, -0.0002, -0.0003) nm

  [ 46.0%] Step   92000/200000 | Sim time:   92.0 ps | Speed:   41.4 ns/day | ETA:   0.1 hr
         PE: -3105.63 kJ/mol | Cavity: H=  0.42, C=  0.00, D=  0.00
         Cavity: (-0.0025, -0.0015,  0.0011) nm

  [ 46.5%] Step   93000/200000 | Sim time:   93.0 ps | Speed:   42.0 ns/day | ETA:   0.1 hr
         PE: -3045.56 kJ/mol | Cavity: H=  0.50, C=  0.01, D=  0.00
         Cavity: (-0.0018, -0.0020,  0.0021) nm

  [ 47.0%] Step   94000/200000 | Sim time:   94.0 ps | Speed:   40.5 ns/day | ETA:   0.1 hr
         PE: -3080.88 kJ/mol | Cavity: H=  0.79, C=  0.01, D=  0.00
         Cavity: (-0.0008, -0.0029,  0.0030) nm

  [ 47.5%] Step   95000/200000 | Sim time:   95.0 ps | Speed:   40.7 ns/day | ETA:   0.1 hr
         PE: -3119.06 kJ/mol | Cavity: H=  1.00, C=  0.01, D=  0.00
         Cavity: ( 0.0004, -0.0032,  0.0035) nm

  [ 48.0%] Step   96000/200000 | Sim time:   96.0 ps | Speed:   41.0 ns/day | ETA:   0.1 hr
         PE: -3092.60 kJ/mol | Cavity: H=  0.77, C=  0.01, D=  0.00
         Cavity: ( 0.0017, -0.0024,  0.0030) nm

  [ 48.5%] Step   97000/200000 | Sim time:   97.0 ps | Speed:   39.7 ns/day | ETA:   0.1 hr
         PE: -3064.85 kJ/mol | Cavity: H=  0.72, C=  0.00, D=  0.00
         Cavity: ( 0.0030, -0.0012,  0.0025) nm

  [ 49.0%] Step   98000/200000 | Sim time:   98.0 ps | Speed:   41.5 ns/day | ETA:   0.1 hr
         PE: -3102.01 kJ/mol | Cavity: H=  0.66, C= -0.00, D=  0.00
         Cavity: ( 0.0038,  0.0004,  0.0010) nm

  [ 49.5%] Step   99000/200000 | Sim time:   99.0 ps | Speed:   41.8 ns/day | ETA:   0.1 hr
         PE: -3109.06 kJ/mol | Cavity: H=  0.57, C= -0.01, D=  0.00
         Cavity: ( 0.0033,  0.0014, -0.0002) nm

  [ 50.0%] Step  100000/200000 | Sim time:  100.0 ps | Speed:   41.0 ns/day | ETA:   0.1 hr
         PE: -3046.36 kJ/mol | Cavity: H=  0.69, C= -0.01, D=  0.00
         Cavity: ( 0.0027,  0.0022, -0.0019) nm

  [ 50.5%] Step  101000/200000 | Sim time:  101.0 ps | Speed:   40.7 ns/day | ETA:   0.1 hr
         PE: -3067.65 kJ/mol | Cavity: H=  0.74, C=  0.01, D=  0.00
         Cavity: ( 0.0011,  0.0027, -0.0029) nm

  [ 51.0%] Step  102000/200000 | Sim time:  102.0 ps | Speed:   42.8 ns/day | ETA:   0.1 hr
         PE: -3061.92 kJ/mol | Cavity: H=  1.08, C=  0.01, D=  0.00
         Cavity: (-0.0003,  0.0031, -0.0039) nm

  [ 51.5%] Step  103000/200000 | Sim time:  103.0 ps | Speed:   41.9 ns/day | ETA:   0.1 hr
         PE: -3103.40 kJ/mol | Cavity: H=  0.95, C= -0.00, D=  0.00
         Cavity: (-0.0010,  0.0021, -0.0041) nm

  [ 52.0%] Step  104000/200000 | Sim time:  104.0 ps | Speed:   40.6 ns/day | ETA:   0.1 hr
         PE: -3056.98 kJ/mol | Cavity: H=  0.66, C= -0.01, D=  0.00
         Cavity: (-0.0016,  0.0011, -0.0034) nm

  [ 52.5%] Step  105000/200000 | Sim time:  105.0 ps | Speed:   42.7 ns/day | ETA:   0.1 hr
         PE: -3065.30 kJ/mol | Cavity: H=  0.58, C= -0.00, D=  0.00
         Cavity: (-0.0024,  0.0005, -0.0027) nm

  [ 53.0%] Step  106000/200000 | Sim time:  106.0 ps | Speed:   41.7 ns/day | ETA:   0.1 hr
         PE: -3094.51 kJ/mol | Cavity: H=  0.37, C=  0.01, D=  0.00
         Cavity: (-0.0027, -0.0005, -0.0011) nm

  [ 53.5%] Step  107000/200000 | Sim time:  107.0 ps | Speed:   42.7 ns/day | ETA:   0.1 hr
         PE: -3128.20 kJ/mol | Cavity: H=  0.29, C=  0.01, D=  0.00
         Cavity: (-0.0024, -0.0009,  0.0004) nm

  [ 54.0%] Step  108000/200000 | Sim time:  108.0 ps | Speed:   42.7 ns/day | ETA:   0.1 hr
         PE: -3061.33 kJ/mol | Cavity: H=  0.55, C= -0.00, D=  0.00
         Cavity: (-0.0024, -0.0014,  0.0023) nm

  [ 54.5%] Step  109000/200000 | Sim time:  109.0 ps | Speed:   41.5 ns/day | ETA:   0.1 hr
         PE: -3041.73 kJ/mol | Cavity: H=  0.93, C= -0.00, D=  0.00
         Cavity: (-0.0021, -0.0020,  0.0037) nm

  [ 55.0%] Step  110000/200000 | Sim time:  110.0 ps | Speed:   42.0 ns/day | ETA:   0.1 hr
         PE: -3030.27 kJ/mol | Cavity: H=  1.21, C=  0.00, D=  0.00
         Cavity: (-0.0010, -0.0016,  0.0050) nm

  [ 55.5%] Step  111000/200000 | Sim time:  111.0 ps | Speed:   41.4 ns/day | ETA:   0.1 hr
         PE: -3049.78 kJ/mol | Cavity: H=  1.08, C= -0.00, D=  0.00
         Cavity: (-0.0003, -0.0015,  0.0048) nm

  [ 56.0%] Step  112000/200000 | Sim time:  112.0 ps | Speed:   43.2 ns/day | ETA:   0.0 hr
         PE: -3069.43 kJ/mol | Cavity: H=  0.78, C= -0.01, D=  0.00
         Cavity: ( 0.0004, -0.0018,  0.0039) nm

  [ 56.5%] Step  113000/200000 | Sim time:  113.0 ps | Speed:   42.4 ns/day | ETA:   0.0 hr
         PE: -3093.93 kJ/mol | Cavity: H=  0.41, C= -0.00, D=  0.00
         Cavity: ( 0.0007, -0.0014,  0.0026) nm

  [ 57.0%] Step  114000/200000 | Sim time:  114.0 ps | Speed:   39.9 ns/day | ETA:   0.1 hr
         PE: -3095.66 kJ/mol | Cavity: H=  0.17, C=  0.00, D=  0.00
         Cavity: ( 0.0014, -0.0006,  0.0013) nm

  [ 57.5%] Step  115000/200000 | Sim time:  115.0 ps | Speed:   38.6 ns/day | ETA:   0.1 hr
         PE: -3105.58 kJ/mol | Cavity: H=  0.10, C=  0.01, D=  0.00
         Cavity: ( 0.0015,  0.0002, -0.0005) nm

  [ 58.0%] Step  116000/200000 | Sim time:  116.0 ps | Speed:   39.7 ns/day | ETA:   0.1 hr
         PE: -3109.94 kJ/mol | Cavity: H=  0.35, C=  0.00, D=  0.00
         Cavity: ( 0.0018,  0.0003, -0.0021) nm

  [ 58.5%] Step  117000/200000 | Sim time:  117.0 ps | Speed:   33.9 ns/day | ETA:   0.1 hr
         PE: -3065.59 kJ/mol | Cavity: H=  0.71, C=  0.00, D=  0.00
         Cavity: ( 0.0015,  0.0007, -0.0037) nm

  [ 59.0%] Step  118000/200000 | Sim time:  118.0 ps | Speed:   41.2 ns/day | ETA:   0.0 hr
         PE: -3095.06 kJ/mol | Cavity: H=  1.06, C= -0.00, D=  0.00
         Cavity: ( 0.0008,  0.0015, -0.0047) nm

  [ 59.5%] Step  119000/200000 | Sim time:  119.0 ps | Speed:   31.5 ns/day | ETA:   0.1 hr
         PE: -3042.10 kJ/mol | Cavity: H=  1.19, C= -0.01, D=  0.00
         Cavity: ( 0.0003,  0.0012, -0.0051) nm

  [ 60.0%] Step  120000/200000 | Sim time:  120.0 ps | Speed:   36.6 ns/day | ETA:   0.1 hr
         PE: -3073.76 kJ/mol | Cavity: H=  1.11, C= -0.01, D=  0.00
         Cavity: (-0.0005,  0.0017, -0.0047) nm

  [ 60.5%] Step  121000/200000 | Sim time:  121.0 ps | Speed:   39.5 ns/day | ETA:   0.0 hr
         PE: -3054.37 kJ/mol | Cavity: H=  0.73, C= -0.01, D=  0.00
         Cavity: (-0.0012,  0.0020, -0.0034) nm

  [ 61.0%] Step  122000/200000 | Sim time:  122.0 ps | Speed:   39.1 ns/day | ETA:   0.0 hr
         PE: -3083.85 kJ/mol | Cavity: H=  0.53, C=  0.00, D=  0.00
         Cavity: (-0.0018,  0.0022, -0.0021) nm

  [ 61.5%] Step  123000/200000 | Sim time:  123.0 ps | Speed:   35.0 ns/day | ETA:   0.1 hr
         PE: -3073.57 kJ/mol | Cavity: H=  0.32, C= -0.01, D=  0.00
         Cavity: (-0.0024,  0.0012,  0.0000) nm

  [ 62.0%] Step  124000/200000 | Sim time:  124.0 ps | Speed:   33.6 ns/day | ETA:   0.1 hr
         PE: -3117.54 kJ/mol | Cavity: H=  0.41, C= -0.00, D=  0.00
         Cavity: (-0.0025, -0.0002,  0.0018) nm

  [ 62.5%] Step  125000/200000 | Sim time:  125.0 ps | Speed:   34.5 ns/day | ETA:   0.1 hr
         PE: -3075.05 kJ/mol | Cavity: H=  0.63, C=  0.01, D=  0.00
         Cavity: (-0.0021, -0.0010,  0.0031) nm

  [ 63.0%] Step  126000/200000 | Sim time:  126.0 ps | Speed:   38.7 ns/day | ETA:   0.0 hr
         PE: -3105.46 kJ/mol | Cavity: H=  1.00, C=  0.02, D=  0.00
         Cavity: (-0.0012, -0.0021,  0.0042) nm

  [ 63.5%] Step  127000/200000 | Sim time:  127.0 ps | Speed:   34.4 ns/day | ETA:   0.1 hr
         PE: -3084.74 kJ/mol | Cavity: H=  1.15, C=  0.01, D=  0.00
         Cavity: (-0.0005, -0.0027,  0.0044) nm

  [ 64.0%] Step  128000/200000 | Sim time:  128.0 ps | Speed:   38.6 ns/day | ETA:   0.0 hr
         PE: -3072.62 kJ/mol | Cavity: H=  1.09, C=  0.00, D=  0.00
         Cavity: ( 0.0002, -0.0030,  0.0041) nm

  [ 64.5%] Step  129000/200000 | Sim time:  129.0 ps | Speed:   36.7 ns/day | ETA:   0.0 hr
         PE: -3110.31 kJ/mol | Cavity: H=  0.87, C= -0.00, D=  0.00
         Cavity: ( 0.0020, -0.0022,  0.0033) nm

  [ 65.0%] Step  130000/200000 | Sim time:  130.0 ps | Speed:   36.1 ns/day | ETA:   0.0 hr
         PE: -3120.02 kJ/mol | Cavity: H=  0.71, C= -0.01, D=  0.00
         Cavity: ( 0.0026, -0.0015,  0.0027) nm

  [ 65.5%] Step  131000/200000 | Sim time:  131.0 ps | Speed:   34.9 ns/day | ETA:   0.0 hr
         PE: -3052.12 kJ/mol | Cavity: H=  0.73, C=  0.00, D=  0.00
         Cavity: ( 0.0037, -0.0003,  0.0018) nm

  [ 66.0%] Step  132000/200000 | Sim time:  132.0 ps | Speed:   36.0 ns/day | ETA:   0.0 hr
         PE: -3082.97 kJ/mol | Cavity: H=  0.75, C=  0.01, D=  0.00
         Cavity: ( 0.0041, -0.0001,  0.0006) nm

  [ 66.5%] Step  133000/200000 | Sim time:  133.0 ps | Speed:   39.2 ns/day | ETA:   0.0 hr
         PE: -3115.20 kJ/mol | Cavity: H=  0.60, C=  0.01, D=  0.00
         Cavity: ( 0.0036,  0.0002, -0.0007) nm

  [ 67.0%] Step  134000/200000 | Sim time:  134.0 ps | Speed:   34.3 ns/day | ETA:   0.0 hr
         PE: -3066.19 kJ/mol | Cavity: H=  0.35, C=  0.01, D=  0.00
         Cavity: ( 0.0023,  0.0007, -0.0015) nm

  [ 67.5%] Step  135000/200000 | Sim time:  135.0 ps | Speed:   36.7 ns/day | ETA:   0.0 hr
         PE: -3044.21 kJ/mol | Cavity: H=  0.25, C=  0.01, D=  0.00
         Cavity: ( 0.0007,  0.0010, -0.0020) nm

  [ 68.0%] Step  136000/200000 | Sim time:  136.0 ps | Speed:   34.4 ns/day | ETA:   0.0 hr
         PE: -3034.62 kJ/mol | Cavity: H=  0.29, C=  0.01, D=  0.00
         Cavity: (-0.0004,  0.0016, -0.0020) nm

  [ 68.5%] Step  137000/200000 | Sim time:  137.0 ps | Speed:   31.8 ns/day | ETA:   0.0 hr
         PE: -3084.50 kJ/mol | Cavity: H=  0.37, C=  0.00, D=  0.00
         Cavity: (-0.0018,  0.0014, -0.0019) nm

  [ 69.0%] Step  138000/200000 | Sim time:  138.0 ps | Speed:   31.9 ns/day | ETA:   0.0 hr
         PE: -3073.82 kJ/mol | Cavity: H=  0.59, C=  0.00, D=  0.00
         Cavity: (-0.0034,  0.0006, -0.0013) nm

  [ 69.5%] Step  139000/200000 | Sim time:  139.0 ps | Speed:   34.8 ns/day | ETA:   0.0 hr
         PE: -3097.91 kJ/mol | Cavity: H=  0.80, C= -0.01, D=  0.00
         Cavity: (-0.0043, -0.0004,  0.0000) nm

  [ 70.0%] Step  140000/200000 | Sim time:  140.0 ps | Speed:   33.8 ns/day | ETA:   0.0 hr
         PE: -3147.19 kJ/mol | Cavity: H=  0.73, C= -0.00, D=  0.00
         Cavity: (-0.0041,  0.0000,  0.0007) nm

  [ 70.5%] Step  141000/200000 | Sim time:  141.0 ps | Speed:   36.9 ns/day | ETA:   0.0 hr
         PE: -3078.34 kJ/mol | Cavity: H=  0.52, C= -0.00, D=  0.00
         Cavity: (-0.0029, -0.0004,  0.0018) nm

  [ 71.0%] Step  142000/200000 | Sim time:  142.0 ps | Speed:   37.6 ns/day | ETA:   0.0 hr
         PE: -3089.04 kJ/mol | Cavity: H=  0.55, C= -0.01, D=  0.00
         Cavity: (-0.0023, -0.0005,  0.0027) nm

  [ 71.5%] Step  143000/200000 | Sim time:  143.0 ps | Speed:   35.3 ns/day | ETA:   0.0 hr
         PE: -3121.56 kJ/mol | Cavity: H=  0.44, C= -0.00, D=  0.00
         Cavity: (-0.0011, -0.0001,  0.0030) nm

  [ 72.0%] Step  144000/200000 | Sim time:  144.0 ps | Speed:   34.9 ns/day | ETA:   0.0 hr
         PE: -3065.11 kJ/mol | Cavity: H=  0.26, C=  0.00, D=  0.00
         Cavity: ( 0.0008, -0.0004,  0.0023) nm

  [ 72.5%] Step  145000/200000 | Sim time:  145.0 ps | Speed:   35.9 ns/day | ETA:   0.0 hr
         PE: -3153.41 kJ/mol | Cavity: H=  0.46, C=  0.01, D=  0.00
         Cavity: ( 0.0024, -0.0007,  0.0021) nm

  [ 73.0%] Step  146000/200000 | Sim time:  146.0 ps | Speed:   37.6 ns/day | ETA:   0.0 hr
         PE: -3124.84 kJ/mol | Cavity: H=  0.62, C=  0.00, D=  0.00
         Cavity: ( 0.0034, -0.0007,  0.0016) nm

  [ 73.5%] Step  147000/200000 | Sim time:  147.0 ps | Speed:   35.3 ns/day | ETA:   0.0 hr
         PE: -3097.00 kJ/mol | Cavity: H=  0.61, C=  0.00, D=  0.00
         Cavity: ( 0.0036, -0.0007,  0.0010) nm

  [ 74.0%] Step  148000/200000 | Sim time:  148.0 ps | Speed:   34.6 ns/day | ETA:   0.0 hr
         PE: -3117.57 kJ/mol | Cavity: H=  0.44, C= -0.00, D=  0.00
         Cavity: ( 0.0029, -0.0014,  0.0000) nm

  [ 74.5%] Step  149000/200000 | Sim time:  149.0 ps | Speed:   35.2 ns/day | ETA:   0.0 hr
         PE: -3167.17 kJ/mol | Cavity: H=  0.25, C=  0.00, D=  0.00
         Cavity: ( 0.0019, -0.0013, -0.0008) nm

  [ 75.0%] Step  150000/200000 | Sim time:  150.0 ps | Speed:   38.1 ns/day | ETA:   0.0 hr
         PE: -3096.67 kJ/mol | Cavity: H=  0.22, C=  0.00, D=  0.00
         Cavity: ( 0.0010, -0.0011, -0.0017) nm

  [ 75.5%] Step  151000/200000 | Sim time:  151.0 ps | Speed:   39.1 ns/day | ETA:   0.0 hr
         PE: -3072.03 kJ/mol | Cavity: H=  0.25, C= -0.00, D=  0.00
         Cavity: (-0.0002, -0.0010, -0.0022) nm

  [ 76.0%] Step  152000/200000 | Sim time:  152.0 ps | Speed:   37.6 ns/day | ETA:   0.0 hr
         PE: -3096.21 kJ/mol | Cavity: H=  0.35, C=  0.00, D=  0.00
         Cavity: (-0.0013, -0.0006, -0.0025) nm

  [ 76.5%] Step  153000/200000 | Sim time:  153.0 ps | Speed:   37.4 ns/day | ETA:   0.0 hr
         PE: -3073.44 kJ/mol | Cavity: H=  0.63, C= -0.00, D=  0.00
         Cavity: (-0.0030, -0.0002, -0.0023) nm

  [ 77.0%] Step  154000/200000 | Sim time:  154.0 ps | Speed:   37.2 ns/day | ETA:   0.0 hr
         PE: -3083.30 kJ/mol | Cavity: H=  0.68, C=  0.00, D=  0.00
         Cavity: (-0.0037,  0.0001, -0.0014) nm

  [ 77.5%] Step  155000/200000 | Sim time:  155.0 ps | Speed:   37.1 ns/day | ETA:   0.0 hr
         PE: -3109.53 kJ/mol | Cavity: H=  0.56, C= -0.00, D=  0.00
         Cavity: (-0.0034,  0.0010, -0.0005) nm

  [ 78.0%] Step  156000/200000 | Sim time:  156.0 ps | Speed:   35.2 ns/day | ETA:   0.0 hr
         PE: -3133.86 kJ/mol | Cavity: H=  0.54, C= -0.01, D=  0.00
         Cavity: (-0.0028,  0.0020,  0.0007) nm

  [ 78.5%] Step  157000/200000 | Sim time:  157.0 ps | Speed:   39.9 ns/day | ETA:   0.0 hr
         PE: -3097.21 kJ/mol | Cavity: H=  0.51, C= -0.01, D=  0.00
         Cavity: (-0.0020,  0.0023,  0.0015) nm

  [ 79.0%] Step  158000/200000 | Sim time:  158.0 ps | Speed:   35.6 ns/day | ETA:   0.0 hr
         PE: -3114.32 kJ/mol | Cavity: H=  0.37, C= -0.01, D=  0.00
         Cavity: (-0.0007,  0.0021,  0.0019) nm

  [ 79.5%] Step  159000/200000 | Sim time:  159.0 ps | Speed:   36.1 ns/day | ETA:   0.0 hr
         PE: -3065.84 kJ/mol | Cavity: H=  0.45, C=  0.00, D=  0.00
         Cavity: ( 0.0002,  0.0023,  0.0023) nm

  [ 80.0%] Step  160000/200000 | Sim time:  160.0 ps | Speed:   37.9 ns/day | ETA:   0.0 hr
         PE: -3089.05 kJ/mol | Cavity: H=  0.35, C=  0.00, D=  0.00
         Cavity: ( 0.0011,  0.0016,  0.0021) nm

  [ 80.5%] Step  161000/200000 | Sim time:  161.0 ps | Speed:   34.5 ns/day | ETA:   0.0 hr
         PE: -3067.84 kJ/mol | Cavity: H=  0.38, C=  0.00, D=  0.00
         Cavity: ( 0.0023,  0.0008,  0.0017) nm

  [ 81.0%] Step  162000/200000 | Sim time:  162.0 ps | Speed:   34.4 ns/day | ETA:   0.0 hr
         PE: -3072.50 kJ/mol | Cavity: H=  0.43, C=  0.00, D=  0.00
         Cavity: ( 0.0030, -0.0004,  0.0008) nm

  [ 81.5%] Step  163000/200000 | Sim time:  163.0 ps | Speed:   30.1 ns/day | ETA:   0.0 hr
         PE: -3132.58 kJ/mol | Cavity: H=  0.53, C= -0.01, D=  0.00
         Cavity: ( 0.0034, -0.0009, -0.0002) nm

  [ 82.0%] Step  164000/200000 | Sim time:  164.0 ps | Speed:   33.0 ns/day | ETA:   0.0 hr
         PE: -3109.06 kJ/mol | Cavity: H=  0.51, C= -0.01, D=  0.00
         Cavity: ( 0.0031, -0.0013, -0.0009) nm

  [ 82.5%] Step  165000/200000 | Sim time:  165.0 ps | Speed:   37.6 ns/day | ETA:   0.0 hr
         PE: -3108.20 kJ/mol | Cavity: H=  0.53, C= -0.00, D=  0.00
         Cavity: ( 0.0023, -0.0023, -0.0013) nm

  [ 83.0%] Step  166000/200000 | Sim time:  166.0 ps | Speed:   35.0 ns/day | ETA:   0.0 hr
         PE: -3090.57 kJ/mol | Cavity: H=  0.51, C= -0.00, D=  0.00
         Cavity: ( 0.0014, -0.0027, -0.0015) nm

  [ 83.5%] Step  167000/200000 | Sim time:  167.0 ps | Speed:   33.7 ns/day | ETA:   0.0 hr
         PE: -3107.51 kJ/mol | Cavity: H=  0.44, C= -0.02, D=  0.00
         Cavity: (-0.0001, -0.0028, -0.0016) nm

  [ 84.0%] Step  168000/200000 | Sim time:  168.0 ps | Speed:   34.6 ns/day | ETA:   0.0 hr
         PE: -3087.32 kJ/mol | Cavity: H=  0.43, C= -0.00, D=  0.00
         Cavity: (-0.0021, -0.0019, -0.0013) nm

  [ 84.5%] Step  169000/200000 | Sim time:  169.0 ps | Speed:   38.3 ns/day | ETA:   0.0 hr
         PE: -3093.23 kJ/mol | Cavity: H=  0.62, C= -0.00, D=  0.00
         Cavity: (-0.0035, -0.0013, -0.0007) nm

  [ 85.0%] Step  170000/200000 | Sim time:  170.0 ps | Speed:   37.9 ns/day | ETA:   0.0 hr
         PE: -3116.30 kJ/mol | Cavity: H=  0.70, C=  0.00, D=  0.00
         Cavity: (-0.0040,  0.0000,  0.0006) nm

  [ 85.5%] Step  171000/200000 | Sim time:  171.0 ps | Speed:   38.4 ns/day | ETA:   0.0 hr
         PE: -3114.51 kJ/mol | Cavity: H=  1.01, C=  0.01, D=  0.00
         Cavity: (-0.0046,  0.0009,  0.0013) nm

  [ 86.0%] Step  172000/200000 | Sim time:  172.0 ps | Speed:   36.4 ns/day | ETA:   0.0 hr
         PE: -3063.33 kJ/mol | Cavity: H=  0.82, C= -0.00, D=  0.00
         Cavity: (-0.0033,  0.0017,  0.0023) nm

  [ 86.5%] Step  173000/200000 | Sim time:  173.0 ps | Speed:   37.4 ns/day | ETA:   0.0 hr
         PE: -3078.03 kJ/mol | Cavity: H=  0.79, C= -0.00, D=  0.00
         Cavity: (-0.0020,  0.0023,  0.0030) nm

  [ 87.0%] Step  174000/200000 | Sim time:  174.0 ps | Speed:   32.6 ns/day | ETA:   0.0 hr
         PE: -3113.71 kJ/mol | Cavity: H=  0.60, C= -0.00, D=  0.00
         Cavity: ( 0.0000,  0.0026,  0.0027) nm

  [ 87.5%] Step  175000/200000 | Sim time:  175.0 ps | Speed:   35.8 ns/day | ETA:   0.0 hr
         PE: -3072.00 kJ/mol | Cavity: H=  0.68, C= -0.00, D=  0.00
         Cavity: ( 0.0017,  0.0026,  0.0024) nm

  [ 88.0%] Step  176000/200000 | Sim time:  176.0 ps | Speed:   37.8 ns/day | ETA:   0.0 hr
         PE: -3105.31 kJ/mol | Cavity: H=  0.57, C=  0.00, D=  0.00
         Cavity: ( 0.0026,  0.0022,  0.0013) nm

  [ 88.5%] Step  177000/200000 | Sim time:  177.0 ps | Speed:   39.0 ns/day | ETA:   0.0 hr
         PE: -3065.95 kJ/mol | Cavity: H=  0.52, C=  0.00, D=  0.00
         Cavity: ( 0.0030,  0.0016,  0.0007) nm

  [ 89.0%] Step  178000/200000 | Sim time:  178.0 ps | Speed:   36.9 ns/day | ETA:   0.0 hr
         PE: -3067.08 kJ/mol | Cavity: H=  0.42, C=  0.01, D=  0.00
         Cavity: ( 0.0030,  0.0007, -0.0003) nm

  [ 89.5%] Step  179000/200000 | Sim time:  179.0 ps | Speed:   34.4 ns/day | ETA:   0.0 hr
         PE: -3076.11 kJ/mol | Cavity: H=  0.65, C= -0.01, D=  0.00
         Cavity: ( 0.0036, -0.0005, -0.0015) nm

  [ 90.0%] Step  180000/200000 | Sim time:  180.0 ps | Speed:   35.0 ns/day | ETA:   0.0 hr
         PE: -3066.27 kJ/mol | Cavity: H=  0.70, C= -0.00, D=  0.00
         Cavity: ( 0.0024, -0.0019, -0.0026) nm

  [ 90.5%] Step  181000/200000 | Sim time:  181.0 ps | Speed:   35.5 ns/day | ETA:   0.0 hr
         PE: -3092.65 kJ/mol | Cavity: H=  0.77, C=  0.01, D=  0.00
         Cavity: ( 0.0014, -0.0028, -0.0029) nm

  [ 91.0%] Step  182000/200000 | Sim time:  182.0 ps | Speed:   37.0 ns/day | ETA:   0.0 hr
         PE: -3157.92 kJ/mol | Cavity: H=  0.82, C=  0.00, D=  0.00
         Cavity: ( 0.0005, -0.0030, -0.0032) nm

  [ 91.5%] Step  183000/200000 | Sim time:  183.0 ps | Speed:   31.6 ns/day | ETA:   0.0 hr
         PE: -3118.43 kJ/mol | Cavity: H=  0.62, C=  0.00, D=  0.00
         Cavity: (-0.0009, -0.0030, -0.0021) nm

  [ 92.0%] Step  184000/200000 | Sim time:  184.0 ps | Speed:   35.4 ns/day | ETA:   0.0 hr
         PE: -3128.06 kJ/mol | Cavity: H=  0.55, C= -0.00, D=  0.00
         Cavity: (-0.0023, -0.0027, -0.0008) nm

  [ 92.5%] Step  185000/200000 | Sim time:  185.0 ps | Speed:   33.6 ns/day | ETA:   0.0 hr
         PE: -3125.91 kJ/mol | Cavity: H=  0.59, C=  0.01, D=  0.00
         Cavity: (-0.0030, -0.0021,  0.0003) nm

  [ 93.0%] Step  186000/200000 | Sim time:  186.0 ps | Speed:   33.8 ns/day | ETA:   0.0 hr
         PE: -3149.10 kJ/mol | Cavity: H=  0.65, C= -0.01, D=  0.00
         Cavity: (-0.0033, -0.0017,  0.0012) nm

  [ 93.5%] Step  187000/200000 | Sim time:  187.0 ps | Speed:   35.4 ns/day | ETA:   0.0 hr
         PE: -3131.94 kJ/mol | Cavity: H=  0.66, C= -0.02, D=  0.00
         Cavity: (-0.0032,  0.0004,  0.0022) nm

  [ 94.0%] Step  188000/200000 | Sim time:  188.0 ps | Speed:   34.3 ns/day | ETA:   0.0 hr
         PE: -3146.88 kJ/mol | Cavity: H=  0.74, C= -0.02, D=  0.00
         Cavity: (-0.0026,  0.0018,  0.0026) nm

  [ 94.5%] Step  189000/200000 | Sim time:  189.0 ps | Speed:   37.3 ns/day | ETA:   0.0 hr
         PE: -3130.83 kJ/mol | Cavity: H=  0.90, C= -0.01, D=  0.00
         Cavity: (-0.0019,  0.0035,  0.0022) nm

  [ 95.0%] Step  190000/200000 | Sim time:  190.0 ps | Speed:   37.1 ns/day | ETA:   0.0 hr
         PE: -3133.90 kJ/mol | Cavity: H=  0.88, C= -0.02, D=  0.00
         Cavity: (-0.0008,  0.0040,  0.0019) nm

  [ 95.5%] Step  191000/200000 | Sim time:  191.0 ps | Speed:   35.4 ns/day | ETA:   0.0 hr
         PE: -3116.87 kJ/mol | Cavity: H=  0.69, C=  0.00, D=  0.00
         Cavity: ( 0.0007,  0.0038,  0.0010) nm

  [ 96.0%] Step  192000/200000 | Sim time:  192.0 ps | Speed:   39.5 ns/day | ETA:   0.0 hr
         PE: -3100.61 kJ/mol | Cavity: H=  0.51, C= -0.00, D=  0.00
         Cavity: ( 0.0015,  0.0030,  0.0002) nm

  [ 96.5%] Step  193000/200000 | Sim time:  193.0 ps | Speed:   30.5 ns/day | ETA:   0.0 hr
         PE: -3126.73 kJ/mol | Cavity: H=  0.51, C=  0.00, D=  0.00
         Cavity: ( 0.0026,  0.0021, -0.0008) nm

  [ 97.0%] Step  194000/200000 | Sim time:  194.0 ps | Speed:   34.4 ns/day | ETA:   0.0 hr
         PE: -3129.79 kJ/mol | Cavity: H=  0.63, C=  0.01, D=  0.00
         Cavity: ( 0.0033,  0.0009, -0.0016) nm

  [ 97.5%] Step  195000/200000 | Sim time:  195.0 ps | Speed:   36.6 ns/day | ETA:   0.0 hr
         PE: -3128.53 kJ/mol | Cavity: H=  0.62, C= -0.00, D=  0.00
         Cavity: ( 0.0031, -0.0004, -0.0021) nm

  [ 98.0%] Step  196000/200000 | Sim time:  196.0 ps | Speed:   35.3 ns/day | ETA:   0.0 hr
         PE: -3100.48 kJ/mol | Cavity: H=  0.87, C=  0.01, D=  0.00
         Cavity: ( 0.0033, -0.0023, -0.0020) nm

  [ 98.5%] Step  197000/200000 | Sim time:  197.0 ps | Speed:   33.9 ns/day | ETA:   0.0 hr
         PE: -3115.44 kJ/mol | Cavity: H=  0.91, C=  0.02, D=  0.00
         Cavity: ( 0.0025, -0.0033, -0.0019) nm

  [ 99.0%] Step  198000/200000 | Sim time:  198.0 ps | Speed:   36.7 ns/day | ETA:   0.0 hr
         PE: -3157.20 kJ/mol | Cavity: H=  1.12, C=  0.00, D=  0.00
         Cavity: ( 0.0012, -0.0049, -0.0009) nm

  [ 99.5%] Step  199000/200000 | Sim time:  199.0 ps | Speed:   31.6 ns/day | ETA:   0.0 hr
         PE: -3112.20 kJ/mol | Cavity: H=  1.13, C= -0.03, D=  0.00
         Cavity: (-0.0001, -0.0051,  0.0003) nm

  [100.0%] Step  200000/200000 | Sim time:  200.0 ps | Speed:   37.3 ns/day | ETA:   0.0 hr
         PE: -3097.71 kJ/mol | Cavity: H=  0.83, C= -0.02, D=  0.00
         Cavity: (-0.0019, -0.0039,  0.0008) nm

  Simulation complete! Total elapsed time: 0.13 hr (7.7 min)

--- Saving Dipole Trajectory ---
  Saved dipole trajectory to: cavity_diamer_lambda0.0010.npz
  Total data points: 200000
  Time range: 0.00 - 200.00 ps

============================================================
Test completed successfully!
============================================================

--- IR Spectrum Calculation Instructions ---
To calculate the IR spectrum from the dipole trajectory:
1. Load the data:
   data = np.load('cavity_diamer_dipole.npz')
   time = data['time_ps']
   dipole = data['dipole_nm']

2. Cut off first 20 ps (as requested):
   idx_cutoff = np.where(time >= 20.0)[0][0]
   time_cut = time[idx_cutoff:]
   dipole_cut = dipole[idx_cutoff:]

3. Compute dipole autocorrelation function:
   C(t) = <M(0) · M(t)> where M is dipole moment

4. Fourier transform C(t) to get IR spectrum:
   I(ω) ∝ FT[C(t)]

Note: The first 100 ps is equilibration (coupling OFF),
      the remaining 900 ps is production (coupling ON).
============================================================
